[08/Mar/2018 15:44:33] "GET /os/nmon_2_img/ HTTP/1.1" 200 35507
[08/Mar/2018 15:44:34] "GET /static/assets/plugins/morris/morris.css HTTP/1.1" 200 433
[08/Mar/2018 15:44:34] "GET /static/assets/plugins/switchery/switchery.min.css HTTP/1.1" 200 682
[08/Mar/2018 15:44:34] "GET /static/assets/js/modernizr.min.js HTTP/1.1" 200 11084
[08/Mar/2018 15:44:34] "GET /static/assets/css/bootstrap.min.css HTTP/1.1" 200 124962
[08/Mar/2018 15:44:34] "GET /static/assets/css/style.css HTTP/1.1" 200 363424
[08/Mar/2018 15:44:34] "GET /static/assets/images/users/avatar-2.jpg HTTP/1.1" 200 5676
[08/Mar/2018 15:44:34] "GET /static/assets/js/jquery.min.js HTTP/1.1" 200 86709
[08/Mar/2018 15:44:34] "GET /static/assets/js/popper.min.js HTTP/1.1" 200 19033
[08/Mar/2018 15:44:34] "GET /static/assets/js/bootstrap.min.js HTTP/1.1" 200 51143
[08/Mar/2018 15:44:34] "GET /static/assets/js/detect.js HTTP/1.1" 200 2225
[08/Mar/2018 15:44:35] "GET /static/assets/js/fastclick.js HTTP/1.1" 200 25965
[08/Mar/2018 15:44:35] "GET /static/assets/js/jquery.blockUI.js HTTP/1.1" 200 19966
[08/Mar/2018 15:44:35] "GET /static/assets/js/waves.js HTTP/1.1" 200 69263
[08/Mar/2018 15:44:35] "GET /static/assets/js/jquery.nicescroll.js HTTP/1.1" 200 59364
[08/Mar/2018 15:44:35] "GET /static/assets/js/jquery.scrollTo.min.js HTTP/1.1" 200 2434
[08/Mar/2018 15:44:35] "GET /static/assets/js/jquery.slimscroll.js HTTP/1.1" 200 13659
[08/Mar/2018 15:44:35] "GET /static/assets/plugins/switchery/switchery.min.js HTTP/1.1" 200 24437
[08/Mar/2018 15:44:35] "GET /static/assets/plugins/morris/morris.min.js HTTP/1.1" 200 35652
[08/Mar/2018 15:44:35] "GET /static/assets/plugins/raphael/raphael-min.js HTTP/1.1" 200 92651
[08/Mar/2018 15:44:35] "GET /static/assets/plugins/waypoints/lib/jquery.waypoints.min.js HTTP/1.1" 200 8833
[08/Mar/2018 15:44:35] "GET /static/assets/plugins/counterup/jquery.counterup.min.js HTTP/1.1" 200 1067
[08/Mar/2018 15:44:35] "GET /static/assets/js/jquery.core.js HTTP/1.1" 200 5462
[08/Mar/2018 15:44:35] "GET /static/assets/js/jquery.app.js HTTP/1.1" 200 9578
[08/Mar/2018 15:44:35] "GET /static/assets/pages/jquery.dashboard.js HTTP/1.1" 200 2372
[08/Mar/2018 15:44:35] "GET /static/assets/images/users/avatar-3.jpg HTTP/1.1" 200 4025
[08/Mar/2018 15:44:35] "GET /static/assets/images/users/avatar-4.jpg HTTP/1.1" 200 4009
[08/Mar/2018 15:44:35] "GET /static/assets/images/users/avatar-1.jpg HTTP/1.1" 200 3598
[08/Mar/2018 15:44:36] "GET /static/assets/fonts/Material-Design-Iconic-Font.woff2?v=2.2.0 HTTP/1.1" 200 38384
[08/Mar/2018 15:44:36] "GET /static/assets/fonts/fontawesome-webfont.woff2?v=4.7.0 HTTP/1.1" 200 77160
[08/Mar/2018 15:44:36] "GET /static/assets/images/favicon.ico HTTP/1.1" 200 32038
Performing system checks...

System check identified no issues (0 silenced).
March 08, 2018 - 15:44:24
Django version 1.8.6, using settings 'Mserver.settings'
Starting development server at http://0.0.0.0:3608/
Quit the server with CONTROL-C.
[08/Mar/2018 15:48:25] "GET /os/ HTTP/1.1" 200 30992
[08/Mar/2018 15:48:25] "GET /static/assets/css/style.css HTTP/1.1" 304 0
[08/Mar/2018 15:48:25] "GET /static/assets/css/bootstrap.min.css HTTP/1.1" 304 0
[08/Mar/2018 15:48:25] "GET /static/assets/plugins/switchery/switchery.min.css HTTP/1.1" 304 0
[08/Mar/2018 15:48:25] "GET /static/assets/plugins/morris/morris.css HTTP/1.1" 304 0
[08/Mar/2018 15:48:25] "GET /static/assets/js/modernizr.min.js HTTP/1.1" 304 0
[08/Mar/2018 15:48:25] "GET /static/assets/js/jquery.min.js HTTP/1.1" 304 0
[08/Mar/2018 15:48:25] "GET /static/assets/js/popper.min.js HTTP/1.1" 304 0
[08/Mar/2018 15:48:25] "GET /static/assets/js/bootstrap.min.js HTTP/1.1" 304 0
[08/Mar/2018 15:48:25] "GET /static/assets/js/detect.js HTTP/1.1" 304 0
[08/Mar/2018 15:48:25] "GET /static/assets/js/fastclick.js HTTP/1.1" 304 0
[08/Mar/2018 15:48:25] "GET /static/assets/js/jquery.blockUI.js HTTP/1.1" 304 0
[08/Mar/2018 15:48:25] "GET /static/assets/js/waves.js HTTP/1.1" 304 0
[08/Mar/2018 15:48:25] "GET /static/assets/js/jquery.nicescroll.js HTTP/1.1" 304 0
[08/Mar/2018 15:48:25] "GET /static/assets/js/jquery.scrollTo.min.js HTTP/1.1" 304 0
[08/Mar/2018 15:48:25] "GET /static/assets/js/jquery.slimscroll.js HTTP/1.1" 304 0
[08/Mar/2018 15:48:25] "GET /static/assets/plugins/switchery/switchery.min.js HTTP/1.1" 304 0
[08/Mar/2018 15:48:25] "GET /static/assets/plugins/morris/morris.min.js HTTP/1.1" 304 0
[08/Mar/2018 15:48:25] "GET /static/assets/plugins/raphael/raphael-min.js HTTP/1.1" 304 0
[08/Mar/2018 15:48:25] "GET /static/assets/plugins/waypoints/lib/jquery.waypoints.min.js HTTP/1.1" 304 0
[08/Mar/2018 15:48:25] "GET /static/assets/plugins/counterup/jquery.counterup.min.js HTTP/1.1" 304 0
[08/Mar/2018 15:48:25] "GET /static/assets/js/jquery.core.js HTTP/1.1" 304 0
[08/Mar/2018 15:48:25] "GET /static/assets/js/jquery.app.js HTTP/1.1" 304 0
[08/Mar/2018 15:48:25] "GET /static/assets/pages/jquery.dashboard.js HTTP/1.1" 304 0
[08/Mar/2018 15:48:25] "GET /static/assets/images/users/avatar-2.jpg HTTP/1.1" 304 0
[08/Mar/2018 15:48:25] "GET /static/assets/images/users/avatar-3.jpg HTTP/1.1" 304 0
[08/Mar/2018 15:48:25] "GET /static/assets/images/users/avatar-4.jpg HTTP/1.1" 304 0
[08/Mar/2018 15:48:25] "GET /static/assets/images/users/avatar-1.jpg HTTP/1.1" 304 0
[08/Mar/2018 15:48:25] "GET /static/assets/fonts/Material-Design-Iconic-Font.woff2?v=2.2.0 HTTP/1.1" 304 0
[08/Mar/2018 15:48:25] "GET /static/assets/fonts/fontawesome-webfont.woff2?v=4.7.0 HTTP/1.1" 304 0
[08/Mar/2018 15:48:25] "GET /static/assets/images/favicon.ico HTTP/1.1" 304 0
[08/Mar/2018 15:48:38] "GET /os/ HTTP/1.1" 200 30999
[08/Mar/2018 15:48:38] "GET /static/assets/plugins/morris/morris.css HTTP/1.1" 304 0
[08/Mar/2018 15:48:38] "GET /static/assets/plugins/switchery/switchery.min.css HTTP/1.1" 304 0
[08/Mar/2018 15:48:38] "GET /static/assets/css/style.css HTTP/1.1" 304 0
[08/Mar/2018 15:48:38] "GET /static/assets/css/bootstrap.min.css HTTP/1.1" 304 0
[08/Mar/2018 15:48:38] "GET /static/assets/js/modernizr.min.js HTTP/1.1" 304 0
[08/Mar/2018 15:48:38] "GET /static/assets/images/users/avatar-2.jpg HTTP/1.1" 304 0
[08/Mar/2018 15:48:38] "GET /static/assets/js/jquery.min.js HTTP/1.1" 304 0
[08/Mar/2018 15:48:38] "GET /static/assets/js/popper.min.js HTTP/1.1" 304 0
[08/Mar/2018 15:48:38] "GET /static/assets/js/bootstrap.min.js HTTP/1.1" 304 0
[08/Mar/2018 15:48:38] "GET /static/assets/js/detect.js HTTP/1.1" 304 0
[08/Mar/2018 15:48:38] "GET /static/assets/js/fastclick.js HTTP/1.1" 304 0
[08/Mar/2018 15:48:38] "GET /static/assets/js/jquery.blockUI.js HTTP/1.1" 304 0
[08/Mar/2018 15:48:38] "GET /static/assets/js/waves.js HTTP/1.1" 304 0
[08/Mar/2018 15:48:38] "GET /static/assets/js/jquery.nicescroll.js HTTP/1.1" 304 0
[08/Mar/2018 15:48:38] "GET /static/assets/js/jquery.scrollTo.min.js HTTP/1.1" 304 0
[08/Mar/2018 15:48:38] "GET /static/assets/js/jquery.slimscroll.js HTTP/1.1" 304 0
[08/Mar/2018 15:48:38] "GET /static/assets/plugins/switchery/switchery.min.js HTTP/1.1" 304 0
[08/Mar/2018 15:48:38] "GET /static/assets/plugins/morris/morris.min.js HTTP/1.1" 304 0
[08/Mar/2018 15:48:38] "GET /static/assets/plugins/raphael/raphael-min.js HTTP/1.1" 304 0
[08/Mar/2018 15:48:38] "GET /static/assets/plugins/waypoints/lib/jquery.waypoints.min.js HTTP/1.1" 304 0
[08/Mar/2018 15:48:38] "GET /static/assets/plugins/counterup/jquery.counterup.min.js HTTP/1.1" 304 0
[08/Mar/2018 15:48:38] "GET /static/assets/js/jquery.core.js HTTP/1.1" 304 0
[08/Mar/2018 15:48:38] "GET /static/assets/js/jquery.app.js HTTP/1.1" 304 0
[08/Mar/2018 15:48:38] "GET /static/assets/pages/jquery.dashboard.js HTTP/1.1" 304 0
[08/Mar/2018 15:48:38] "GET /static/assets/images/users/avatar-3.jpg HTTP/1.1" 304 0
[08/Mar/2018 15:48:38] "GET /static/assets/images/users/avatar-4.jpg HTTP/1.1" 304 0
[08/Mar/2018 15:48:38] "GET /static/assets/images/users/avatar-1.jpg HTTP/1.1" 304 0
[08/Mar/2018 15:48:38] "GET /static/assets/fonts/Material-Design-Iconic-Font.woff2?v=2.2.0 HTTP/1.1" 304 0
[08/Mar/2018 15:48:38] "GET /static/assets/fonts/fontawesome-webfont.woff2?v=4.7.0 HTTP/1.1" 304 0
[08/Mar/2018 15:48:39] "GET /static/assets/images/favicon.ico HTTP/1.1" 200 32038
[08/Mar/2018 15:48:39] "GET /os/ HTTP/1.1" 200 30999
[08/Mar/2018 15:48:39] "GET /static/assets/js/modernizr.min.js HTTP/1.1" 304 0
[08/Mar/2018 15:48:39] "GET /static/assets/plugins/morris/morris.css HTTP/1.1" 304 0
[08/Mar/2018 15:48:39] "GET /static/assets/css/style.css HTTP/1.1" 304 0
[08/Mar/2018 15:48:39] "GET /static/assets/css/bootstrap.min.css HTTP/1.1" 304 0
[08/Mar/2018 15:48:39] "GET /static/assets/plugins/switchery/switchery.min.css HTTP/1.1" 304 0
[08/Mar/2018 15:48:39] "GET /static/assets/images/users/avatar-2.jpg HTTP/1.1" 304 0
[08/Mar/2018 15:48:39] "GET /static/assets/js/jquery.min.js HTTP/1.1" 304 0
[08/Mar/2018 15:48:39] "GET /static/assets/js/popper.min.js HTTP/1.1" 304 0
[08/Mar/2018 15:48:39] "GET /static/assets/js/bootstrap.min.js HTTP/1.1" 304 0
[08/Mar/2018 15:48:39] "GET /static/assets/js/detect.js HTTP/1.1" 304 0
[08/Mar/2018 15:48:39] "GET /static/assets/js/fastclick.js HTTP/1.1" 304 0
[08/Mar/2018 15:48:39] "GET /static/assets/js/jquery.blockUI.js HTTP/1.1" 304 0
[08/Mar/2018 15:48:39] "GET /static/assets/js/waves.js HTTP/1.1" 304 0
[08/Mar/2018 15:48:39] "GET /static/assets/js/jquery.nicescroll.js HTTP/1.1" 304 0
[08/Mar/2018 15:48:39] "GET /static/assets/js/jquery.scrollTo.min.js HTTP/1.1" 304 0
[08/Mar/2018 15:48:39] "GET /static/assets/js/jquery.slimscroll.js HTTP/1.1" 304 0
[08/Mar/2018 15:48:39] "GET /static/assets/plugins/switchery/switchery.min.js HTTP/1.1" 304 0
[08/Mar/2018 15:48:39] "GET /static/assets/plugins/morris/morris.min.js HTTP/1.1" 304 0
[08/Mar/2018 15:48:39] "GET /static/assets/plugins/raphael/raphael-min.js HTTP/1.1" 304 0
[08/Mar/2018 15:48:39] "GET /static/assets/plugins/waypoints/lib/jquery.waypoints.min.js HTTP/1.1" 304 0
[08/Mar/2018 15:48:39] "GET /static/assets/plugins/counterup/jquery.counterup.min.js HTTP/1.1" 304 0
[08/Mar/2018 15:48:39] "GET /static/assets/js/jquery.core.js HTTP/1.1" 304 0
[08/Mar/2018 15:48:39] "GET /static/assets/js/jquery.app.js HTTP/1.1" 304 0
[08/Mar/2018 15:48:39] "GET /static/assets/pages/jquery.dashboard.js HTTP/1.1" 304 0
[08/Mar/2018 15:48:39] "GET /static/assets/images/users/avatar-3.jpg HTTP/1.1" 304 0
[08/Mar/2018 15:48:39] "GET /static/assets/images/users/avatar-4.jpg HTTP/1.1" 304 0
[08/Mar/2018 15:48:39] "GET /static/assets/images/users/avatar-1.jpg HTTP/1.1" 304 0
[08/Mar/2018 15:48:39] "GET /static/assets/fonts/Material-Design-Iconic-Font.woff2?v=2.2.0 HTTP/1.1" 304 0
[08/Mar/2018 15:48:39] "GET /static/assets/fonts/fontawesome-webfont.woff2?v=4.7.0 HTTP/1.1" 304 0
[08/Mar/2018 15:48:39] "GET /static/assets/images/favicon.ico HTTP/1.1" 200 32038
[08/Mar/2018 15:48:43] "GET /os/nmon_2_start/ HTTP/1.1" 200 44164
[08/Mar/2018 15:48:43] "GET /static/assets/plugins/morris/morris.css HTTP/1.1" 304 0
[08/Mar/2018 15:48:43] "GET /static/assets/plugins/switchery/switchery.min.css HTTP/1.1" 304 0
[08/Mar/2018 15:48:43] "GET /static/assets/plugins/select2/css/select2.min.css HTTP/1.1" 200 15091
[08/Mar/2018 15:48:43] "GET /static/assets/css/bootstrap.min.css HTTP/1.1" 304 0
[08/Mar/2018 15:48:43] "GET /static/assets/plugins/multiselect/css/multi-select.css HTTP/1.1" 200 2347
[08/Mar/2018 15:48:43] "GET /static/assets/plugins/bootstrap-tagsinput/css/bootstrap-tagsinput.css HTTP/1.1" 200 1089
[08/Mar/2018 15:48:43] "GET /static/assets/css/style.css HTTP/1.1" 304 0
[08/Mar/2018 15:48:43] "GET /static/assets/js/modernizr.min.js HTTP/1.1" 304 0
[08/Mar/2018 15:48:43] "GET /static/assets/images/users/avatar-2.jpg HTTP/1.1" 304 0
[08/Mar/2018 15:48:43] "GET /static/assets/js/jquery.min.js HTTP/1.1" 304 0
[08/Mar/2018 15:48:43] "GET /static/assets/js/popper.min.js HTTP/1.1" 304 0
[08/Mar/2018 15:48:43] "GET /static/assets/js/bootstrap.min.js HTTP/1.1" 304 0
[08/Mar/2018 15:48:43] "GET /static/assets/js/detect.js HTTP/1.1" 304 0
[08/Mar/2018 15:48:43] "GET /static/assets/js/fastclick.js HTTP/1.1" 304 0
[08/Mar/2018 15:48:43] "GET /static/assets/js/jquery.blockUI.js HTTP/1.1" 304 0
[08/Mar/2018 15:48:43] "GET /static/assets/js/waves.js HTTP/1.1" 304 0
[08/Mar/2018 15:48:43] "GET /static/assets/js/jquery.nicescroll.js HTTP/1.1" 304 0
[08/Mar/2018 15:48:43] "GET /static/assets/js/jquery.scrollTo.min.js HTTP/1.1" 304 0
[08/Mar/2018 15:48:43] "GET /static/assets/js/jquery.slimscroll.js HTTP/1.1" 304 0
[08/Mar/2018 15:48:43] "GET /static/assets/plugins/switchery/switchery.min.js HTTP/1.1" 304 0
[08/Mar/2018 15:48:43] "GET /static/assets/plugins/morris/morris.min.js HTTP/1.1" 304 0
[08/Mar/2018 15:48:43] "GET /static/assets/plugins/raphael/raphael-min.js HTTP/1.1" 304 0
[08/Mar/2018 15:48:43] "GET /static/assets/plugins/waypoints/lib/jquery.waypoints.min.js HTTP/1.1" 304 0
[08/Mar/2018 15:48:43] "GET /static/assets/plugins/counterup/jquery.counterup.min.js HTTP/1.1" 304 0
[08/Mar/2018 15:48:43] "GET /static/assets/js/jquery.core.js HTTP/1.1" 304 0
[08/Mar/2018 15:48:43] "GET /static/assets/js/jquery.app.js HTTP/1.1" 304 0
[08/Mar/2018 15:48:43] "GET /static/assets/pages/jquery.dashboard.js HTTP/1.1" 304 0
[08/Mar/2018 15:48:43] "GET /static/assets/plugins/bootstrap-tagsinput/js/bootstrap-tagsinput.js HTTP/1.1" 200 20603
[08/Mar/2018 15:48:43] "GET /static/assets/plugins/multiselect/js/jquery.multi-select.js HTTP/1.1" 200 19226
[08/Mar/2018 15:48:43] "GET /static/assets/plugins/jquery-quicksearch/jquery.quicksearch.js HTTP/1.1" 200 4179
[08/Mar/2018 15:48:43] "GET /static/assets/plugins/select2/js/select2.full.min.js HTTP/1.1" 200 73308
[08/Mar/2018 15:48:43] "GET /static/assets/plugins/bootstrap-maxlength/bootstrap-maxlength.min.js HTTP/1.1" 200 4976
[08/Mar/2018 15:48:43] "GET /static/assets/plugins/autocomplete/jquery.autocomplete.min.js HTTP/1.1" 200 13062
[08/Mar/2018 15:48:43] "GET /static/assets/images/users/avatar-3.jpg HTTP/1.1" 304 0
[08/Mar/2018 15:48:43] "GET /static/assets/images/users/avatar-4.jpg HTTP/1.1" 304 0
[08/Mar/2018 15:48:43] "GET /static/assets/plugins/autocomplete/countries.js HTTP/1.1" 200 6637
[08/Mar/2018 15:48:43] "GET /static/assets/pages/jquery.autocomplete.init.js HTTP/1.1" 200 4137
[08/Mar/2018 15:48:43] "GET /static/assets/images/users/avatar-1.jpg HTTP/1.1" 304 0
[08/Mar/2018 15:48:43] "GET /static/assets/pages/jquery.formadvanced.init.js HTTP/1.1" 200 2510
[08/Mar/2018 15:48:43] "GET /static/assets/fonts/Material-Design-Iconic-Font.woff2?v=2.2.0 HTTP/1.1" 304 0
[08/Mar/2018 15:48:43] "GET /static/assets/fonts/fontawesome-webfont.woff2?v=4.7.0 HTTP/1.1" 304 0
[08/Mar/2018 15:48:43] "GET /static/assets/plugins/multiselect/img/multiple-arrow.png HTTP/1.1" 200 2943
[08/Mar/2018 15:48:44] "GET /static/assets/images/favicon.ico HTTP/1.1" 304 0
[08/Mar/2018 15:48:44] "GET /os/nmon_2_img/ HTTP/1.1" 200 35507
[08/Mar/2018 15:48:44] "GET /static/assets/plugins/switchery/switchery.min.css HTTP/1.1" 304 0
[08/Mar/2018 15:48:44] "GET /static/assets/css/bootstrap.min.css HTTP/1.1" 304 0
[08/Mar/2018 15:48:44] "GET /static/assets/plugins/morris/morris.css HTTP/1.1" 304 0
[08/Mar/2018 15:48:44] "GET /static/assets/js/modernizr.min.js HTTP/1.1" 304 0
[08/Mar/2018 15:48:44] "GET /static/assets/css/style.css HTTP/1.1" 304 0
[08/Mar/2018 15:48:44] "GET /static/assets/images/users/avatar-2.jpg HTTP/1.1" 304 0
[08/Mar/2018 15:48:44] "GET /static/assets/js/jquery.min.js HTTP/1.1" 304 0
[08/Mar/2018 15:48:44] "GET /static/assets/js/popper.min.js HTTP/1.1" 304 0
[08/Mar/2018 15:48:44] "GET /static/assets/js/bootstrap.min.js HTTP/1.1" 304 0
[08/Mar/2018 15:48:44] "GET /static/assets/js/detect.js HTTP/1.1" 304 0
[08/Mar/2018 15:48:44] "GET /static/assets/js/fastclick.js HTTP/1.1" 304 0
[08/Mar/2018 15:48:44] "GET /static/assets/js/jquery.blockUI.js HTTP/1.1" 304 0
[08/Mar/2018 15:48:44] "GET /static/assets/js/waves.js HTTP/1.1" 304 0
[08/Mar/2018 15:48:44] "GET /static/assets/js/jquery.nicescroll.js HTTP/1.1" 304 0
[08/Mar/2018 15:48:44] "GET /static/assets/js/jquery.scrollTo.min.js HTTP/1.1" 304 0
[08/Mar/2018 15:48:44] "GET /static/assets/js/jquery.slimscroll.js HTTP/1.1" 304 0
[08/Mar/2018 15:48:44] "GET /static/assets/plugins/raphael/raphael-min.js HTTP/1.1" 304 0
[08/Mar/2018 15:48:44] "GET /static/assets/js/jquery.core.js HTTP/1.1" 304 0
[08/Mar/2018 15:48:44] "GET /static/assets/plugins/counterup/jquery.counterup.min.js HTTP/1.1" 304 0
[08/Mar/2018 15:48:44] "GET /static/assets/plugins/switchery/switchery.min.js HTTP/1.1" 304 0
[08/Mar/2018 15:48:44] "GET /static/assets/plugins/waypoints/lib/jquery.waypoints.min.js HTTP/1.1" 304 0
[08/Mar/2018 15:48:44] "GET /static/assets/plugins/morris/morris.min.js HTTP/1.1" 304 0
[08/Mar/2018 15:48:44] "GET /static/assets/fonts/Material-Design-Iconic-Font.woff2?v=2.2.0 HTTP/1.1" 304 0
[08/Mar/2018 15:48:44] "GET /static/assets/js/jquery.app.js HTTP/1.1" 304 0
[08/Mar/2018 15:48:44] "GET /static/assets/pages/jquery.dashboard.js HTTP/1.1" 304 0
[08/Mar/2018 15:48:44] "GET /static/assets/fonts/fontawesome-webfont.woff2?v=4.7.0 HTTP/1.1" 304 0
[08/Mar/2018 15:48:44] "GET /static/assets/images/users/avatar-3.jpg HTTP/1.1" 304 0
[08/Mar/2018 15:48:44] "GET /static/assets/images/users/avatar-4.jpg HTTP/1.1" 304 0
[08/Mar/2018 15:48:44] "GET /static/assets/images/users/avatar-1.jpg HTTP/1.1" 304 0
[08/Mar/2018 15:48:45] "GET /os/nmon_2_img_many/ HTTP/1.1" 200 43591
[08/Mar/2018 15:48:45] "GET /static/assets/plugins/select2/css/select2.min.css HTTP/1.1" 304 0
[08/Mar/2018 15:48:45] "GET /static/assets/css/bootstrap.min.css HTTP/1.1" 304 0
[08/Mar/2018 15:48:45] "GET /static/assets/plugins/switchery/switchery.min.css HTTP/1.1" 304 0
[08/Mar/2018 15:48:45] "GET /static/assets/plugins/bootstrap-tagsinput/css/bootstrap-tagsinput.css HTTP/1.1" 304 0
[08/Mar/2018 15:48:45] "GET /static/assets/plugins/multiselect/css/multi-select.css HTTP/1.1" 304 0
[08/Mar/2018 15:48:45] "GET /static/assets/plugins/morris/morris.css HTTP/1.1" 304 0
[08/Mar/2018 15:48:45] "GET /static/assets/css/style.css HTTP/1.1" 304 0
[08/Mar/2018 15:48:45] "GET /static/assets/js/modernizr.min.js HTTP/1.1" 304 0
[08/Mar/2018 15:48:45] "GET /static/assets/images/users/avatar-2.jpg HTTP/1.1" 304 0
[08/Mar/2018 15:48:45] "GET /static/assets/js/jquery.min.js HTTP/1.1" 304 0
[08/Mar/2018 15:48:45] "GET /static/assets/js/popper.min.js HTTP/1.1" 304 0
[08/Mar/2018 15:48:45] "GET /static/assets/js/bootstrap.min.js HTTP/1.1" 304 0
[08/Mar/2018 15:48:45] "GET /static/assets/js/detect.js HTTP/1.1" 304 0
[08/Mar/2018 15:48:45] "GET /static/assets/js/fastclick.js HTTP/1.1" 304 0
[08/Mar/2018 15:48:45] "GET /static/assets/js/jquery.blockUI.js HTTP/1.1" 304 0
[08/Mar/2018 15:48:45] "GET /static/assets/js/waves.js HTTP/1.1" 304 0
[08/Mar/2018 15:48:45] "GET /static/assets/js/jquery.nicescroll.js HTTP/1.1" 304 0
[08/Mar/2018 15:48:45] "GET /static/assets/js/jquery.scrollTo.min.js HTTP/1.1" 304 0
[08/Mar/2018 15:48:45] "GET /static/assets/js/jquery.slimscroll.js HTTP/1.1" 304 0
[08/Mar/2018 15:48:45] "GET /static/assets/plugins/switchery/switchery.min.js HTTP/1.1" 304 0
[08/Mar/2018 15:48:45] "GET /static/assets/plugins/morris/morris.min.js HTTP/1.1" 304 0
[08/Mar/2018 15:48:45] "GET /static/assets/plugins/raphael/raphael-min.js HTTP/1.1" 304 0
[08/Mar/2018 15:48:45] "GET /static/assets/plugins/waypoints/lib/jquery.waypoints.min.js HTTP/1.1" 304 0
[08/Mar/2018 15:48:45] "GET /static/assets/plugins/counterup/jquery.counterup.min.js HTTP/1.1" 304 0
[08/Mar/2018 15:48:45] "GET /static/assets/fonts/Material-Design-Iconic-Font.woff2?v=2.2.0 HTTP/1.1" 304 0
[08/Mar/2018 15:48:45] "GET /static/assets/pages/jquery.dashboard.js HTTP/1.1" 304 0
[08/Mar/2018 15:48:45] "GET /static/assets/js/jquery.app.js HTTP/1.1" 304 0
[08/Mar/2018 15:48:45] "GET /static/assets/plugins/bootstrap-tagsinput/js/bootstrap-tagsinput.js HTTP/1.1" 304 0
[08/Mar/2018 15:48:46] "GET /static/assets/fonts/fontawesome-webfont.woff2?v=4.7.0 HTTP/1.1" 304 0
[08/Mar/2018 15:48:46] "GET /static/assets/plugins/jquery-quicksearch/jquery.quicksearch.js HTTP/1.1" 304 0
[08/Mar/2018 15:48:46] "GET /static/assets/plugins/multiselect/js/jquery.multi-select.js HTTP/1.1" 304 0
[08/Mar/2018 15:48:46] "GET /static/assets/plugins/select2/js/select2.full.min.js HTTP/1.1" 304 0
[08/Mar/2018 15:48:46] "GET /static/assets/plugins/bootstrap-maxlength/bootstrap-maxlength.min.js HTTP/1.1" 304 0
[08/Mar/2018 15:48:46] "GET /static/assets/plugins/autocomplete/jquery.autocomplete.min.js HTTP/1.1" 304 0
[08/Mar/2018 15:48:46] "GET /static/assets/js/jquery.core.js HTTP/1.1" 304 0
[08/Mar/2018 15:48:46] "GET /static/assets/images/users/avatar-1.jpg HTTP/1.1" 304 0
[08/Mar/2018 15:48:46] "GET /static/assets/plugins/autocomplete/countries.js HTTP/1.1" 304 0
[08/Mar/2018 15:48:46] "GET /static/assets/pages/jquery.autocomplete.init.js HTTP/1.1" 304 0
[08/Mar/2018 15:48:46] "GET /static/assets/pages/jquery.formadvanced.init.js HTTP/1.1" 304 0
[08/Mar/2018 15:48:46] "GET /static/assets/plugins/datatables/jquery.dataTables.min.js HTTP/1.1" 200 83268
[08/Mar/2018 15:48:46] "GET /static/assets/plugins/datatables/dataTables.bootstrap4.min.js HTTP/1.1" 200 2070
[08/Mar/2018 15:48:46] "GET /static/assets/plugins/datatables/dataTables.buttons.min.js HTTP/1.1" 200 15661
[08/Mar/2018 15:48:46] "GET /static/assets/plugins/datatables/buttons.bootstrap4.min.js HTTP/1.1" 200 899
[08/Mar/2018 15:48:46] "GET /static/assets/plugins/datatables/jszip.min.js HTTP/1.1" 200 76985
[08/Mar/2018 15:48:46] "GET /static/assets/plugins/datatables/buttons.print.min.js HTTP/1.1" 200 1694
[08/Mar/2018 15:48:46] "GET /static/assets/plugins/datatables/buttons.html5.min.js HTTP/1.1" 200 20463
[08/Mar/2018 15:48:46] "GET /static/assets/plugins/datatables/pdfmake.min.js HTTP/1.1" 200 419939
[08/Mar/2018 15:48:46] "GET /static/assets/plugins/datatables/buttons.colVis.min.js HTTP/1.1" 200 2739
[08/Mar/2018 15:48:46] "GET /static/assets/plugins/datatables/dataTables.responsive.min.js HTTP/1.1" 200 11056
[08/Mar/2018 15:48:46] "GET /static/assets/plugins/datatables/responsive.bootstrap4.min.js HTTP/1.1" 200 1183
[08/Mar/2018 15:48:46] "GET /static/assets/plugins/datatables/vfs_fonts.js HTTP/1.1" 200 567638
[08/Mar/2018 15:48:46] "GET /static/assets/images/users/avatar-3.jpg HTTP/1.1" 304 0
[08/Mar/2018 15:48:46] "GET /static/assets/images/users/avatar-4.jpg HTTP/1.1" 304 0
[08/Mar/2018 15:48:46] "GET /static/assets/plugins/multiselect/img/multiple-arrow.png HTTP/1.1" 304 0
[08/Mar/2018 15:48:46] "GET /static/assets/images/favicon.ico HTTP/1.1" 304 0
[08/Mar/2018 15:48:47] "GET /os/ HTTP/1.1" 200 30999
[08/Mar/2018 15:48:47] "GET /static/assets/plugins/morris/morris.css HTTP/1.1" 304 0
[08/Mar/2018 15:48:47] "GET /static/assets/plugins/switchery/switchery.min.css HTTP/1.1" 304 0
[08/Mar/2018 15:48:47] "GET /static/assets/css/bootstrap.min.css HTTP/1.1" 304 0
[08/Mar/2018 15:48:47] "GET /static/assets/js/modernizr.min.js HTTP/1.1" 304 0
[08/Mar/2018 15:48:47] "GET /static/assets/css/style.css HTTP/1.1" 304 0
[08/Mar/2018 15:48:47] "GET /static/assets/images/users/avatar-2.jpg HTTP/1.1" 304 0
[08/Mar/2018 15:48:47] "GET /static/assets/js/jquery.min.js HTTP/1.1" 304 0
[08/Mar/2018 15:48:47] "GET /static/assets/js/popper.min.js HTTP/1.1" 304 0
[08/Mar/2018 15:48:47] "GET /static/assets/js/bootstrap.min.js HTTP/1.1" 304 0
[08/Mar/2018 15:48:47] "GET /static/assets/js/detect.js HTTP/1.1" 304 0
[08/Mar/2018 15:48:47] "GET /static/assets/js/fastclick.js HTTP/1.1" 304 0
[08/Mar/2018 15:48:47] "GET /static/assets/js/jquery.blockUI.js HTTP/1.1" 304 0
[08/Mar/2018 15:48:47] "GET /static/assets/js/waves.js HTTP/1.1" 304 0
[08/Mar/2018 15:48:47] "GET /static/assets/js/jquery.nicescroll.js HTTP/1.1" 304 0
[08/Mar/2018 15:48:47] "GET /static/assets/js/jquery.scrollTo.min.js HTTP/1.1" 304 0
[08/Mar/2018 15:48:47] "GET /static/assets/js/jquery.slimscroll.js HTTP/1.1" 304 0
[08/Mar/2018 15:48:47] "GET /static/assets/plugins/switchery/switchery.min.js HTTP/1.1" 304 0
[08/Mar/2018 15:48:47] "GET /static/assets/plugins/morris/morris.min.js HTTP/1.1" 304 0
[08/Mar/2018 15:48:47] "GET /static/assets/plugins/raphael/raphael-min.js HTTP/1.1" 304 0
[08/Mar/2018 15:48:47] "GET /static/assets/plugins/waypoints/lib/jquery.waypoints.min.js HTTP/1.1" 304 0
[08/Mar/2018 15:48:47] "GET /static/assets/plugins/counterup/jquery.counterup.min.js HTTP/1.1" 304 0
[08/Mar/2018 15:48:47] "GET /static/assets/js/jquery.core.js HTTP/1.1" 304 0
[08/Mar/2018 15:48:47] "GET /static/assets/js/jquery.app.js HTTP/1.1" 304 0
[08/Mar/2018 15:48:47] "GET /static/assets/pages/jquery.dashboard.js HTTP/1.1" 304 0
[08/Mar/2018 15:48:47] "GET /static/assets/images/users/avatar-3.jpg HTTP/1.1" 304 0
[08/Mar/2018 15:48:47] "GET /static/assets/images/users/avatar-4.jpg HTTP/1.1" 304 0
[08/Mar/2018 15:48:47] "GET /static/assets/images/users/avatar-1.jpg HTTP/1.1" 304 0
[08/Mar/2018 15:48:47] "GET /static/assets/fonts/fontawesome-webfont.woff2?v=4.7.0 HTTP/1.1" 304 0
[08/Mar/2018 15:48:47] "GET /static/assets/fonts/Material-Design-Iconic-Font.woff2?v=2.2.0 HTTP/1.1" 304 0
[08/Mar/2018 15:48:53] "GET /os/nmon_2_img_many/ HTTP/1.1" 200 43591
[08/Mar/2018 15:48:53] "GET /static/assets/plugins/select2/css/select2.min.css HTTP/1.1" 304 0
[08/Mar/2018 15:48:53] "GET /static/assets/plugins/bootstrap-tagsinput/css/bootstrap-tagsinput.css HTTP/1.1" 304 0
[08/Mar/2018 15:48:53] "GET /static/assets/plugins/multiselect/css/multi-select.css HTTP/1.1" 304 0
[08/Mar/2018 15:48:53] "GET /static/assets/plugins/morris/morris.css HTTP/1.1" 304 0
[08/Mar/2018 15:48:53] "GET /static/assets/plugins/switchery/switchery.min.css HTTP/1.1" 304 0
[08/Mar/2018 15:48:53] "GET /static/assets/css/bootstrap.min.css HTTP/1.1" 304 0
[08/Mar/2018 15:48:53] "GET /static/assets/css/style.css HTTP/1.1" 304 0
[08/Mar/2018 15:48:53] "GET /static/assets/js/modernizr.min.js HTTP/1.1" 304 0
[08/Mar/2018 15:48:53] "GET /static/assets/images/users/avatar-2.jpg HTTP/1.1" 304 0
[08/Mar/2018 15:48:53] "GET /static/assets/js/jquery.min.js HTTP/1.1" 304 0
[08/Mar/2018 15:48:53] "GET /static/assets/js/popper.min.js HTTP/1.1" 304 0
[08/Mar/2018 15:48:53] "GET /static/assets/js/bootstrap.min.js HTTP/1.1" 304 0
[08/Mar/2018 15:48:53] "GET /static/assets/js/detect.js HTTP/1.1" 304 0
[08/Mar/2018 15:48:53] "GET /static/assets/js/fastclick.js HTTP/1.1" 304 0
[08/Mar/2018 15:48:53] "GET /static/assets/js/jquery.blockUI.js HTTP/1.1" 304 0
[08/Mar/2018 15:48:53] "GET /static/assets/js/waves.js HTTP/1.1" 304 0
[08/Mar/2018 15:48:53] "GET /static/assets/js/jquery.nicescroll.js HTTP/1.1" 304 0
[08/Mar/2018 15:48:53] "GET /static/assets/js/jquery.scrollTo.min.js HTTP/1.1" 304 0
[08/Mar/2018 15:48:53] "GET /static/assets/js/jquery.slimscroll.js HTTP/1.1" 304 0
[08/Mar/2018 15:48:53] "GET /static/assets/plugins/switchery/switchery.min.js HTTP/1.1" 304 0
[08/Mar/2018 15:48:53] "GET /static/assets/plugins/morris/morris.min.js HTTP/1.1" 304 0
[08/Mar/2018 15:48:53] "GET /static/assets/plugins/raphael/raphael-min.js HTTP/1.1" 304 0
[08/Mar/2018 15:48:53] "GET /static/assets/plugins/waypoints/lib/jquery.waypoints.min.js HTTP/1.1" 304 0
[08/Mar/2018 15:48:53] "GET /static/assets/js/jquery.core.js HTTP/1.1" 304 0
[08/Mar/2018 15:48:53] "GET /static/assets/js/jquery.app.js HTTP/1.1" 304 0
[08/Mar/2018 15:48:53] "GET /static/assets/plugins/counterup/jquery.counterup.min.js HTTP/1.1" 304 0
[08/Mar/2018 15:48:53] "GET /static/assets/pages/jquery.dashboard.js HTTP/1.1" 304 0
[08/Mar/2018 15:48:53] "GET /static/assets/fonts/Material-Design-Iconic-Font.woff2?v=2.2.0 HTTP/1.1" 304 0
[08/Mar/2018 15:48:53] "GET /static/assets/plugins/bootstrap-tagsinput/js/bootstrap-tagsinput.js HTTP/1.1" 304 0
[08/Mar/2018 15:48:53] "GET /static/assets/fonts/fontawesome-webfont.woff2?v=4.7.0 HTTP/1.1" 304 0
[08/Mar/2018 15:48:53] "GET /static/assets/plugins/multiselect/js/jquery.multi-select.js HTTP/1.1" 304 0
[08/Mar/2018 15:48:53] "GET /static/assets/plugins/jquery-quicksearch/jquery.quicksearch.js HTTP/1.1" 304 0
[08/Mar/2018 15:48:53] "GET /static/assets/plugins/select2/js/select2.full.min.js HTTP/1.1" 304 0
[08/Mar/2018 15:48:53] "GET /static/assets/plugins/bootstrap-maxlength/bootstrap-maxlength.min.js HTTP/1.1" 304 0
[08/Mar/2018 15:48:53] "GET /static/assets/plugins/autocomplete/jquery.autocomplete.min.js HTTP/1.1" 304 0
[08/Mar/2018 15:48:53] "GET /static/assets/plugins/autocomplete/countries.js HTTP/1.1" 304 0
[08/Mar/2018 15:48:53] "GET /static/assets/pages/jquery.autocomplete.init.js HTTP/1.1" 304 0
[08/Mar/2018 15:48:53] "GET /static/assets/pages/jquery.formadvanced.init.js HTTP/1.1" 304 0
[08/Mar/2018 15:48:53] "GET /static/assets/plugins/datatables/jquery.dataTables.min.js HTTP/1.1" 304 0
[08/Mar/2018 15:48:53] "GET /static/assets/plugins/datatables/dataTables.buttons.min.js HTTP/1.1" 304 0
[08/Mar/2018 15:48:53] "GET /static/assets/images/users/avatar-1.jpg HTTP/1.1" 304 0
[08/Mar/2018 15:48:53] "GET /static/assets/plugins/datatables/buttons.bootstrap4.min.js HTTP/1.1" 304 0
[08/Mar/2018 15:48:53] "GET /static/assets/plugins/datatables/jszip.min.js HTTP/1.1" 304 0
[08/Mar/2018 15:48:53] "GET /static/assets/plugins/datatables/dataTables.bootstrap4.min.js HTTP/1.1" 304 0
[08/Mar/2018 15:48:53] "GET /static/assets/plugins/datatables/pdfmake.min.js HTTP/1.1" 304 0
[08/Mar/2018 15:48:53] "GET /static/assets/plugins/datatables/vfs_fonts.js HTTP/1.1" 304 0
[08/Mar/2018 15:48:53] "GET /static/assets/plugins/datatables/buttons.html5.min.js HTTP/1.1" 304 0
[08/Mar/2018 15:48:53] "GET /static/assets/plugins/datatables/buttons.print.min.js HTTP/1.1" 304 0
[08/Mar/2018 15:48:53] "GET /static/assets/plugins/datatables/buttons.colVis.min.js HTTP/1.1" 304 0
[08/Mar/2018 15:48:53] "GET /static/assets/plugins/datatables/dataTables.responsive.min.js HTTP/1.1" 304 0
[08/Mar/2018 15:48:53] "GET /static/assets/plugins/datatables/responsive.bootstrap4.min.js HTTP/1.1" 304 0
[08/Mar/2018 15:48:53] "GET /static/assets/images/users/avatar-3.jpg HTTP/1.1" 304 0
[08/Mar/2018 15:48:53] "GET /static/assets/images/users/avatar-4.jpg HTTP/1.1" 304 0
[08/Mar/2018 15:48:53] "GET /static/assets/plugins/multiselect/img/multiple-arrow.png HTTP/1.1" 304 0
Performing system checks...

System check identified no issues (0 silenced).
March 08, 2018 - 15:46:49
Django version 1.8.6, using settings 'Mserver.settings'
Starting development server at http://0.0.0.0:3608/
Quit the server with CONTROL-C.
[08/Mar/2018 15:49:30] "GET /os/ HTTP/1.1" 200 30999
[08/Mar/2018 15:49:30] "GET /static/assets/plugins/morris/morris.css HTTP/1.1" 304 0
[08/Mar/2018 15:49:30] "GET /static/assets/css/style.css HTTP/1.1" 304 0
[08/Mar/2018 15:49:30] "GET /static/assets/plugins/switchery/switchery.min.css HTTP/1.1" 304 0
[08/Mar/2018 15:49:30] "GET /static/assets/js/modernizr.min.js HTTP/1.1" 304 0
[08/Mar/2018 15:49:30] "GET /static/assets/css/bootstrap.min.css HTTP/1.1" 304 0
[08/Mar/2018 15:49:30] "GET /static/assets/images/users/avatar-2.jpg HTTP/1.1" 304 0
[08/Mar/2018 15:49:30] "GET /static/assets/js/jquery.min.js HTTP/1.1" 304 0
[08/Mar/2018 15:49:30] "GET /static/assets/js/popper.min.js HTTP/1.1" 304 0
[08/Mar/2018 15:49:30] "GET /static/assets/js/bootstrap.min.js HTTP/1.1" 304 0
[08/Mar/2018 15:49:30] "GET /static/assets/js/detect.js HTTP/1.1" 304 0
[08/Mar/2018 15:49:30] "GET /static/assets/js/fastclick.js HTTP/1.1" 304 0
[08/Mar/2018 15:49:30] "GET /static/assets/js/jquery.blockUI.js HTTP/1.1" 304 0
[08/Mar/2018 15:49:30] "GET /static/assets/js/waves.js HTTP/1.1" 304 0
[08/Mar/2018 15:49:30] "GET /static/assets/js/jquery.nicescroll.js HTTP/1.1" 304 0
[08/Mar/2018 15:49:30] "GET /static/assets/js/jquery.scrollTo.min.js HTTP/1.1" 304 0
[08/Mar/2018 15:49:30] "GET /static/assets/js/jquery.slimscroll.js HTTP/1.1" 304 0
[08/Mar/2018 15:49:30] "GET /static/assets/plugins/switchery/switchery.min.js HTTP/1.1" 304 0
[08/Mar/2018 15:49:30] "GET /static/assets/plugins/morris/morris.min.js HTTP/1.1" 304 0
[08/Mar/2018 15:49:30] "GET /static/assets/plugins/raphael/raphael-min.js HTTP/1.1" 304 0
[08/Mar/2018 15:49:30] "GET /static/assets/plugins/waypoints/lib/jquery.waypoints.min.js HTTP/1.1" 304 0
[08/Mar/2018 15:49:30] "GET /static/assets/images/users/avatar-3.jpg HTTP/1.1" 304 0
[08/Mar/2018 15:49:30] "GET /static/assets/js/jquery.app.js HTTP/1.1" 304 0
[08/Mar/2018 15:49:30] "GET /static/assets/fonts/fontawesome-webfont.woff2?v=4.7.0 HTTP/1.1" 304 0
[08/Mar/2018 15:49:30] "GET /static/assets/fonts/Material-Design-Iconic-Font.woff2?v=2.2.0 HTTP/1.1" 304 0
[08/Mar/2018 15:49:30] "GET /static/assets/js/jquery.core.js HTTP/1.1" 304 0
[08/Mar/2018 15:49:30] "GET /static/assets/plugins/counterup/jquery.counterup.min.js HTTP/1.1" 304 0
[08/Mar/2018 15:49:30] "GET /static/assets/pages/jquery.dashboard.js HTTP/1.1" 304 0
[08/Mar/2018 15:49:30] "GET /static/assets/images/users/avatar-4.jpg HTTP/1.1" 304 0
[08/Mar/2018 15:49:30] "GET /static/assets/images/users/avatar-1.jpg HTTP/1.1" 304 0
[08/Mar/2018 15:49:32] "GET /os/nmon_2_start/ HTTP/1.1" 200 44164
[08/Mar/2018 15:49:32] "GET /static/assets/plugins/switchery/switchery.min.css HTTP/1.1" 304 0
[08/Mar/2018 15:49:32] "GET /static/assets/plugins/morris/morris.css HTTP/1.1" 304 0
[08/Mar/2018 15:49:32] "GET /static/assets/plugins/bootstrap-tagsinput/css/bootstrap-tagsinput.css HTTP/1.1" 304 0
[08/Mar/2018 15:49:32] "GET /static/assets/plugins/select2/css/select2.min.css HTTP/1.1" 304 0
[08/Mar/2018 15:49:32] "GET /static/assets/plugins/multiselect/css/multi-select.css HTTP/1.1" 304 0
[08/Mar/2018 15:49:32] "GET /static/assets/css/bootstrap.min.css HTTP/1.1" 304 0
[08/Mar/2018 15:49:32] "GET /static/assets/css/style.css HTTP/1.1" 304 0
[08/Mar/2018 15:49:32] "GET /static/assets/js/modernizr.min.js HTTP/1.1" 304 0
[08/Mar/2018 15:49:32] "GET /static/assets/images/users/avatar-2.jpg HTTP/1.1" 304 0
[08/Mar/2018 15:49:32] "GET /static/assets/js/jquery.min.js HTTP/1.1" 304 0
[08/Mar/2018 15:49:32] "GET /static/assets/js/popper.min.js HTTP/1.1" 304 0
[08/Mar/2018 15:49:32] "GET /static/assets/js/bootstrap.min.js HTTP/1.1" 304 0
[08/Mar/2018 15:49:32] "GET /static/assets/js/detect.js HTTP/1.1" 304 0
[08/Mar/2018 15:49:32] "GET /static/assets/js/fastclick.js HTTP/1.1" 304 0
[08/Mar/2018 15:49:32] "GET /static/assets/js/jquery.blockUI.js HTTP/1.1" 304 0
[08/Mar/2018 15:49:32] "GET /static/assets/js/waves.js HTTP/1.1" 304 0
[08/Mar/2018 15:49:32] "GET /static/assets/js/jquery.nicescroll.js HTTP/1.1" 304 0
[08/Mar/2018 15:49:32] "GET /static/assets/js/jquery.scrollTo.min.js HTTP/1.1" 304 0
[08/Mar/2018 15:49:32] "GET /static/assets/js/jquery.slimscroll.js HTTP/1.1" 304 0
[08/Mar/2018 15:49:32] "GET /static/assets/plugins/switchery/switchery.min.js HTTP/1.1" 304 0
[08/Mar/2018 15:49:32] "GET /static/assets/plugins/morris/morris.min.js HTTP/1.1" 304 0
[08/Mar/2018 15:49:32] "GET /static/assets/plugins/raphael/raphael-min.js HTTP/1.1" 304 0
[08/Mar/2018 15:49:32] "GET /static/assets/plugins/waypoints/lib/jquery.waypoints.min.js HTTP/1.1" 304 0
[08/Mar/2018 15:49:32] "GET /static/assets/js/jquery.app.js HTTP/1.1" 304 0
[08/Mar/2018 15:49:32] "GET /static/assets/plugins/counterup/jquery.counterup.min.js HTTP/1.1" 304 0
[08/Mar/2018 15:49:32] "GET /static/assets/pages/jquery.dashboard.js HTTP/1.1" 304 0
[08/Mar/2018 15:49:32] "GET /static/assets/plugins/bootstrap-tagsinput/js/bootstrap-tagsinput.js HTTP/1.1" 304 0
[08/Mar/2018 15:49:32] "GET /static/assets/fonts/Material-Design-Iconic-Font.woff2?v=2.2.0 HTTP/1.1" 304 0
[08/Mar/2018 15:49:32] "GET /static/assets/js/jquery.core.js HTTP/1.1" 304 0
[08/Mar/2018 15:49:32] "GET /static/assets/fonts/fontawesome-webfont.woff2?v=4.7.0 HTTP/1.1" 304 0
[08/Mar/2018 15:49:32] "GET /static/assets/plugins/multiselect/js/jquery.multi-select.js HTTP/1.1" 304 0
[08/Mar/2018 15:49:32] "GET /static/assets/plugins/jquery-quicksearch/jquery.quicksearch.js HTTP/1.1" 304 0
[08/Mar/2018 15:49:32] "GET /static/assets/plugins/select2/js/select2.full.min.js HTTP/1.1" 304 0
[08/Mar/2018 15:49:32] "GET /static/assets/plugins/bootstrap-maxlength/bootstrap-maxlength.min.js HTTP/1.1" 304 0
[08/Mar/2018 15:49:32] "GET /static/assets/plugins/autocomplete/jquery.autocomplete.min.js HTTP/1.1" 304 0
[08/Mar/2018 15:49:32] "GET /static/assets/plugins/autocomplete/countries.js HTTP/1.1" 304 0
[08/Mar/2018 15:49:32] "GET /static/assets/pages/jquery.autocomplete.init.js HTTP/1.1" 304 0
[08/Mar/2018 15:49:32] "GET /static/assets/pages/jquery.formadvanced.init.js HTTP/1.1" 304 0
[08/Mar/2018 15:49:32] "GET /static/assets/images/users/avatar-3.jpg HTTP/1.1" 304 0
[08/Mar/2018 15:49:32] "GET /static/assets/images/users/avatar-4.jpg HTTP/1.1" 304 0
[08/Mar/2018 15:49:32] "GET /static/assets/images/users/avatar-1.jpg HTTP/1.1" 304 0
[08/Mar/2018 15:49:32] "GET /static/assets/plugins/multiselect/img/multiple-arrow.png HTTP/1.1" 304 0
[08/Mar/2018 15:49:33] "GET /os/nmon_2_img/ HTTP/1.1" 200 35507
[08/Mar/2018 15:49:33] "GET /static/assets/plugins/morris/morris.css HTTP/1.1" 304 0
[08/Mar/2018 15:49:33] "GET /static/assets/css/style.css HTTP/1.1" 304 0
[08/Mar/2018 15:49:33] "GET /static/assets/css/bootstrap.min.css HTTP/1.1" 304 0
[08/Mar/2018 15:49:33] "GET /static/assets/plugins/switchery/switchery.min.css HTTP/1.1" 304 0
[08/Mar/2018 15:49:33] "GET /static/assets/js/modernizr.min.js HTTP/1.1" 304 0
[08/Mar/2018 15:49:33] "GET /static/assets/images/users/avatar-2.jpg HTTP/1.1" 304 0
[08/Mar/2018 15:49:33] "GET /static/assets/js/jquery.min.js HTTP/1.1" 304 0
[08/Mar/2018 15:49:33] "GET /static/assets/fonts/Material-Design-Iconic-Font.woff2?v=2.2.0 HTTP/1.1" 304 0
[08/Mar/2018 15:49:33] "GET /static/assets/fonts/fontawesome-webfont.woff2?v=4.7.0 HTTP/1.1" 304 0
[08/Mar/2018 15:49:33] "GET /static/assets/js/popper.min.js HTTP/1.1" 304 0
[08/Mar/2018 15:49:33] "GET /static/assets/js/fastclick.js HTTP/1.1" 304 0
[08/Mar/2018 15:49:33] "GET /static/assets/js/bootstrap.min.js HTTP/1.1" 304 0
[08/Mar/2018 15:49:33] "GET /static/assets/js/detect.js HTTP/1.1" 304 0
[08/Mar/2018 15:49:33] "GET /static/assets/js/jquery.blockUI.js HTTP/1.1" 304 0
[08/Mar/2018 15:49:33] "GET /static/assets/js/waves.js HTTP/1.1" 304 0
[08/Mar/2018 15:49:33] "GET /static/assets/js/jquery.nicescroll.js HTTP/1.1" 304 0
[08/Mar/2018 15:49:33] "GET /static/assets/js/jquery.scrollTo.min.js HTTP/1.1" 304 0
[08/Mar/2018 15:49:33] "GET /static/assets/js/jquery.slimscroll.js HTTP/1.1" 304 0
[08/Mar/2018 15:49:33] "GET /static/assets/plugins/switchery/switchery.min.js HTTP/1.1" 304 0
[08/Mar/2018 15:49:33] "GET /static/assets/plugins/morris/morris.min.js HTTP/1.1" 304 0
[08/Mar/2018 15:49:33] "GET /static/assets/plugins/raphael/raphael-min.js HTTP/1.1" 304 0
[08/Mar/2018 15:49:33] "GET /static/assets/plugins/waypoints/lib/jquery.waypoints.min.js HTTP/1.1" 304 0
[08/Mar/2018 15:49:33] "GET /static/assets/plugins/counterup/jquery.counterup.min.js HTTP/1.1" 304 0
[08/Mar/2018 15:49:33] "GET /static/assets/js/jquery.core.js HTTP/1.1" 304 0
[08/Mar/2018 15:49:33] "GET /static/assets/images/users/avatar-1.jpg HTTP/1.1" 304 0
[08/Mar/2018 15:49:33] "GET /static/assets/pages/jquery.dashboard.js HTTP/1.1" 304 0
[08/Mar/2018 15:49:33] "GET /static/assets/js/jquery.app.js HTTP/1.1" 304 0
[08/Mar/2018 15:49:33] "GET /static/assets/images/users/avatar-4.jpg HTTP/1.1" 304 0
[08/Mar/2018 15:49:33] "GET /static/assets/images/users/avatar-3.jpg HTTP/1.1" 304 0
[08/Mar/2018 15:49:34] "GET /os/nmon_2_img_many/ HTTP/1.1" 200 43591
[08/Mar/2018 15:49:34] "GET /static/assets/plugins/multiselect/css/multi-select.css HTTP/1.1" 304 0
[08/Mar/2018 15:49:34] "GET /static/assets/plugins/bootstrap-tagsinput/css/bootstrap-tagsinput.css HTTP/1.1" 304 0
[08/Mar/2018 15:49:34] "GET /static/assets/plugins/select2/css/select2.min.css HTTP/1.1" 304 0
[08/Mar/2018 15:49:34] "GET /static/assets/plugins/morris/morris.css HTTP/1.1" 304 0
[08/Mar/2018 15:49:34] "GET /static/assets/plugins/switchery/switchery.min.css HTTP/1.1" 304 0
[08/Mar/2018 15:49:34] "GET /static/assets/css/bootstrap.min.css HTTP/1.1" 304 0
[08/Mar/2018 15:49:34] "GET /static/assets/css/style.css HTTP/1.1" 304 0
[08/Mar/2018 15:49:34] "GET /static/assets/js/modernizr.min.js HTTP/1.1" 304 0
[08/Mar/2018 15:49:34] "GET /static/assets/images/users/avatar-2.jpg HTTP/1.1" 304 0
[08/Mar/2018 15:49:34] "GET /static/assets/js/jquery.min.js HTTP/1.1" 304 0
[08/Mar/2018 15:49:34] "GET /static/assets/js/popper.min.js HTTP/1.1" 304 0
[08/Mar/2018 15:49:34] "GET /static/assets/js/bootstrap.min.js HTTP/1.1" 304 0
[08/Mar/2018 15:49:34] "GET /static/assets/js/detect.js HTTP/1.1" 304 0
[08/Mar/2018 15:49:34] "GET /static/assets/js/fastclick.js HTTP/1.1" 304 0
[08/Mar/2018 15:49:34] "GET /static/assets/js/jquery.blockUI.js HTTP/1.1" 304 0
[08/Mar/2018 15:49:34] "GET /static/assets/js/waves.js HTTP/1.1" 304 0
[08/Mar/2018 15:49:34] "GET /static/assets/js/jquery.nicescroll.js HTTP/1.1" 304 0
[08/Mar/2018 15:49:34] "GET /static/assets/plugins/switchery/switchery.min.js HTTP/1.1" 304 0
[08/Mar/2018 15:49:34] "GET /static/assets/js/jquery.slimscroll.js HTTP/1.1" 304 0
[08/Mar/2018 15:49:34] "GET /static/assets/js/jquery.scrollTo.min.js HTTP/1.1" 304 0
[08/Mar/2018 15:49:34] "GET /static/assets/plugins/raphael/raphael-min.js HTTP/1.1" 304 0
[08/Mar/2018 15:49:34] "GET /static/assets/plugins/morris/morris.min.js HTTP/1.1" 304 0
[08/Mar/2018 15:49:34] "GET /static/assets/plugins/waypoints/lib/jquery.waypoints.min.js HTTP/1.1" 304 0
[08/Mar/2018 15:49:34] "GET /static/assets/fonts/Material-Design-Iconic-Font.woff2?v=2.2.0 HTTP/1.1" 304 0
[08/Mar/2018 15:49:34] "GET /static/assets/fonts/fontawesome-webfont.woff2?v=4.7.0 HTTP/1.1" 304 0
[08/Mar/2018 15:49:34] "GET /static/assets/js/jquery.core.js HTTP/1.1" 304 0
[08/Mar/2018 15:49:34] "GET /static/assets/js/jquery.app.js HTTP/1.1" 304 0
[08/Mar/2018 15:49:34] "GET /static/assets/plugins/counterup/jquery.counterup.min.js HTTP/1.1" 304 0
[08/Mar/2018 15:49:34] "GET /static/assets/pages/jquery.dashboard.js HTTP/1.1" 304 0
[08/Mar/2018 15:49:34] "GET /static/assets/plugins/bootstrap-tagsinput/js/bootstrap-tagsinput.js HTTP/1.1" 304 0
[08/Mar/2018 15:49:34] "GET /static/assets/plugins/multiselect/js/jquery.multi-select.js HTTP/1.1" 304 0
[08/Mar/2018 15:49:34] "GET /static/assets/plugins/jquery-quicksearch/jquery.quicksearch.js HTTP/1.1" 304 0
[08/Mar/2018 15:49:34] "GET /static/assets/plugins/autocomplete/jquery.autocomplete.min.js HTTP/1.1" 304 0
[08/Mar/2018 15:49:34] "GET /static/assets/plugins/autocomplete/countries.js HTTP/1.1" 304 0
[08/Mar/2018 15:49:34] "GET /static/assets/pages/jquery.formadvanced.init.js HTTP/1.1" 304 0
[08/Mar/2018 15:49:34] "GET /static/assets/plugins/select2/js/select2.full.min.js HTTP/1.1" 304 0
[08/Mar/2018 15:49:34] "GET /static/assets/plugins/bootstrap-maxlength/bootstrap-maxlength.min.js HTTP/1.1" 304 0
[08/Mar/2018 15:49:34] "GET /static/assets/pages/jquery.autocomplete.init.js HTTP/1.1" 304 0
[08/Mar/2018 15:49:34] "GET /static/assets/plugins/datatables/jquery.dataTables.min.js HTTP/1.1" 304 0
[08/Mar/2018 15:49:34] "GET /static/assets/plugins/datatables/dataTables.bootstrap4.min.js HTTP/1.1" 304 0
[08/Mar/2018 15:49:34] "GET /static/assets/plugins/datatables/dataTables.buttons.min.js HTTP/1.1" 304 0
[08/Mar/2018 15:49:34] "GET /static/assets/plugins/datatables/buttons.bootstrap4.min.js HTTP/1.1" 304 0
[08/Mar/2018 15:49:34] "GET /static/assets/plugins/datatables/jszip.min.js HTTP/1.1" 304 0
[08/Mar/2018 15:49:34] "GET /static/assets/images/users/avatar-1.jpg HTTP/1.1" 304 0
[08/Mar/2018 15:49:34] "GET /static/assets/plugins/datatables/pdfmake.min.js HTTP/1.1" 304 0
[08/Mar/2018 15:49:34] "GET /static/assets/plugins/datatables/vfs_fonts.js HTTP/1.1" 304 0
[08/Mar/2018 15:49:34] "GET /static/assets/plugins/datatables/buttons.print.min.js HTTP/1.1" 304 0
[08/Mar/2018 15:49:34] "GET /static/assets/plugins/datatables/dataTables.responsive.min.js HTTP/1.1" 304 0
[08/Mar/2018 15:49:34] "GET /static/assets/plugins/datatables/buttons.html5.min.js HTTP/1.1" 304 0
[08/Mar/2018 15:49:34] "GET /static/assets/plugins/datatables/buttons.colVis.min.js HTTP/1.1" 304 0
[08/Mar/2018 15:49:34] "GET /static/assets/plugins/datatables/responsive.bootstrap4.min.js HTTP/1.1" 304 0
[08/Mar/2018 15:49:34] "GET /static/assets/images/users/avatar-3.jpg HTTP/1.1" 304 0
[08/Mar/2018 15:49:34] "GET /static/assets/images/users/avatar-4.jpg HTTP/1.1" 304 0
[08/Mar/2018 15:49:34] "GET /static/assets/plugins/multiselect/img/multiple-arrow.png HTTP/1.1" 304 0
[08/Mar/2018 15:51:21] "GET /os/getdata/?pk=10.95.154.185 HTTP/1.1" 200 739
Performing system checks...

System check identified no issues (0 silenced).
March 08, 2018 - 15:49:25
Django version 1.8.6, using settings 'Mserver.settings'
Starting development server at http://0.0.0.0:3608/
Quit the server with CONTROL-C.
[08/Mar/2018 16:02:58] "GET /os/nmon_2_img_many/ HTTP/1.1" 200 43124
[08/Mar/2018 16:02:58] "GET /static/assets/plugins/bootstrap-tagsinput/css/bootstrap-tagsinput.css HTTP/1.1" 304 0
[08/Mar/2018 16:02:58] "GET /static/assets/plugins/select2/css/select2.min.css HTTP/1.1" 304 0
[08/Mar/2018 16:02:58] "GET /static/assets/plugins/switchery/switchery.min.css HTTP/1.1" 304 0
[08/Mar/2018 16:02:58] "GET /static/assets/css/bootstrap.min.css HTTP/1.1" 304 0
[08/Mar/2018 16:02:58] "GET /static/assets/plugins/morris/morris.css HTTP/1.1" 304 0
[08/Mar/2018 16:02:58] "GET /static/assets/plugins/multiselect/css/multi-select.css HTTP/1.1" 304 0
[08/Mar/2018 16:02:58] "GET /static/assets/css/style.css HTTP/1.1" 304 0
[08/Mar/2018 16:02:58] "GET /static/assets/js/modernizr.min.js HTTP/1.1" 304 0
[08/Mar/2018 16:02:58] "GET /static/assets/images/users/avatar-2.jpg HTTP/1.1" 304 0
[08/Mar/2018 16:02:58] "GET /static/assets/js/jquery.min.js HTTP/1.1" 304 0
[08/Mar/2018 16:02:58] "GET /static/assets/js/popper.min.js HTTP/1.1" 304 0
[08/Mar/2018 16:02:58] "GET /static/assets/js/bootstrap.min.js HTTP/1.1" 304 0
[08/Mar/2018 16:02:58] "GET /static/assets/js/detect.js HTTP/1.1" 304 0
[08/Mar/2018 16:02:58] "GET /static/assets/js/fastclick.js HTTP/1.1" 304 0
[08/Mar/2018 16:02:58] "GET /static/assets/js/jquery.blockUI.js HTTP/1.1" 304 0
[08/Mar/2018 16:02:58] "GET /static/assets/js/waves.js HTTP/1.1" 304 0
[08/Mar/2018 16:02:58] "GET /static/assets/js/jquery.nicescroll.js HTTP/1.1" 304 0
[08/Mar/2018 16:02:58] "GET /static/assets/js/jquery.scrollTo.min.js HTTP/1.1" 304 0
[08/Mar/2018 16:02:58] "GET /static/assets/js/jquery.slimscroll.js HTTP/1.1" 304 0
[08/Mar/2018 16:02:58] "GET /static/assets/plugins/switchery/switchery.min.js HTTP/1.1" 304 0
[08/Mar/2018 16:02:58] "GET /static/assets/plugins/morris/morris.min.js HTTP/1.1" 304 0
[08/Mar/2018 16:02:58] "GET /static/assets/plugins/raphael/raphael-min.js HTTP/1.1" 304 0
[08/Mar/2018 16:02:58] "GET /static/assets/plugins/waypoints/lib/jquery.waypoints.min.js HTTP/1.1" 304 0
[08/Mar/2018 16:02:58] "GET /static/assets/plugins/counterup/jquery.counterup.min.js HTTP/1.1" 304 0
[08/Mar/2018 16:02:58] "GET /static/assets/js/jquery.core.js HTTP/1.1" 304 0
[08/Mar/2018 16:02:58] "GET /static/assets/js/jquery.app.js HTTP/1.1" 304 0
[08/Mar/2018 16:02:58] "GET /static/assets/pages/jquery.dashboard.js HTTP/1.1" 304 0
[08/Mar/2018 16:02:58] "GET /static/assets/plugins/multiselect/js/jquery.multi-select.js HTTP/1.1" 304 0
[08/Mar/2018 16:02:58] "GET /static/assets/plugins/bootstrap-tagsinput/js/bootstrap-tagsinput.js HTTP/1.1" 304 0
[08/Mar/2018 16:02:58] "GET /static/assets/plugins/jquery-quicksearch/jquery.quicksearch.js HTTP/1.1" 304 0
[08/Mar/2018 16:02:58] "GET /static/assets/fonts/Material-Design-Iconic-Font.woff2?v=2.2.0 HTTP/1.1" 304 0
[08/Mar/2018 16:02:58] "GET /static/assets/fonts/fontawesome-webfont.woff2?v=4.7.0 HTTP/1.1" 304 0
[08/Mar/2018 16:02:58] "GET /static/assets/plugins/select2/js/select2.full.min.js HTTP/1.1" 304 0
[08/Mar/2018 16:02:58] "GET /static/assets/plugins/bootstrap-maxlength/bootstrap-maxlength.min.js HTTP/1.1" 304 0
[08/Mar/2018 16:02:58] "GET /static/assets/plugins/autocomplete/jquery.autocomplete.min.js HTTP/1.1" 304 0
[08/Mar/2018 16:02:58] "GET /static/assets/pages/jquery.formadvanced.init.js HTTP/1.1" 304 0
[08/Mar/2018 16:02:58] "GET /static/assets/plugins/autocomplete/countries.js HTTP/1.1" 304 0
[08/Mar/2018 16:02:58] "GET /static/assets/pages/jquery.autocomplete.init.js HTTP/1.1" 304 0
[08/Mar/2018 16:02:58] "GET /static/assets/plugins/datatables/jquery.dataTables.min.js HTTP/1.1" 304 0
[08/Mar/2018 16:02:58] "GET /static/assets/plugins/datatables/dataTables.bootstrap4.min.js HTTP/1.1" 304 0
[08/Mar/2018 16:02:58] "GET /static/assets/plugins/datatables/dataTables.buttons.min.js HTTP/1.1" 304 0
[08/Mar/2018 16:02:58] "GET /static/assets/plugins/datatables/pdfmake.min.js HTTP/1.1" 304 0
[08/Mar/2018 16:02:58] "GET /static/assets/plugins/datatables/vfs_fonts.js HTTP/1.1" 304 0
[08/Mar/2018 16:02:58] "GET /static/assets/plugins/datatables/buttons.html5.min.js HTTP/1.1" 304 0
[08/Mar/2018 16:02:58] "GET /static/assets/plugins/datatables/buttons.print.min.js HTTP/1.1" 304 0
[08/Mar/2018 16:02:58] "GET /static/assets/plugins/datatables/buttons.bootstrap4.min.js HTTP/1.1" 304 0
[08/Mar/2018 16:02:58] "GET /static/assets/plugins/datatables/jszip.min.js HTTP/1.1" 304 0
[08/Mar/2018 16:02:58] "GET /static/assets/plugins/datatables/buttons.colVis.min.js HTTP/1.1" 304 0
[08/Mar/2018 16:02:58] "GET /static/assets/plugins/datatables/dataTables.responsive.min.js HTTP/1.1" 304 0
[08/Mar/2018 16:02:58] "GET /static/assets/plugins/datatables/responsive.bootstrap4.min.js HTTP/1.1" 304 0
[08/Mar/2018 16:02:58] "GET /static/assets/images/users/avatar-3.jpg HTTP/1.1" 304 0
[08/Mar/2018 16:02:58] "GET /static/assets/images/users/avatar-4.jpg HTTP/1.1" 304 0
[08/Mar/2018 16:02:58] "GET /static/assets/images/users/avatar-1.jpg HTTP/1.1" 304 0
[08/Mar/2018 16:02:58] "GET /static/assets/plugins/multiselect/img/multiple-arrow.png HTTP/1.1" 304 0
[08/Mar/2018 16:02:58] "GET /static/assets/images/favicon.ico HTTP/1.1" 200 32038
[08/Mar/2018 16:03:01] "GET /os/run_cmd_many/ HTTP/1.1" 200 43124
Performing system checks...

System check identified no issues (0 silenced).
March 08, 2018 - 16:00:39
Django version 1.8.6, using settings 'Mserver.settings'
Starting development server at http://0.0.0.0:3608/
Quit the server with CONTROL-C.
[08/Mar/2018 16:41:02] "GET /os/run_cmd_many/ HTTP/1.1" 200 42914
[08/Mar/2018 16:41:02] "GET /static/assets/plugins/bootstrap-tagsinput/css/bootstrap-tagsinput.css HTTP/1.1" 304 0
[08/Mar/2018 16:41:02] "GET /static/assets/plugins/switchery/switchery.min.css HTTP/1.1" 304 0
[08/Mar/2018 16:41:02] "GET /static/assets/plugins/morris/morris.css HTTP/1.1" 304 0
[08/Mar/2018 16:41:02] "GET /static/assets/plugins/multiselect/css/multi-select.css HTTP/1.1" 304 0
[08/Mar/2018 16:41:02] "GET /static/assets/css/bootstrap.min.css HTTP/1.1" 304 0
[08/Mar/2018 16:41:02] "GET /static/assets/plugins/select2/css/select2.min.css HTTP/1.1" 304 0
[08/Mar/2018 16:41:02] "GET /static/assets/css/style.css HTTP/1.1" 304 0
[08/Mar/2018 16:41:02] "GET /static/assets/js/modernizr.min.js HTTP/1.1" 304 0
[08/Mar/2018 16:41:02] "GET /static/assets/images/users/avatar-2.jpg HTTP/1.1" 304 0
[08/Mar/2018 16:41:02] "GET /static/assets/js/jquery.min.js HTTP/1.1" 304 0
[08/Mar/2018 16:41:02] "GET /static/assets/js/popper.min.js HTTP/1.1" 304 0
[08/Mar/2018 16:41:02] "GET /static/assets/js/bootstrap.min.js HTTP/1.1" 304 0
[08/Mar/2018 16:41:02] "GET /static/assets/js/detect.js HTTP/1.1" 304 0
[08/Mar/2018 16:41:02] "GET /static/assets/js/fastclick.js HTTP/1.1" 304 0
[08/Mar/2018 16:41:02] "GET /static/assets/js/jquery.blockUI.js HTTP/1.1" 304 0
[08/Mar/2018 16:41:02] "GET /static/assets/fonts/fontawesome-webfont.woff2?v=4.7.0 HTTP/1.1" 304 0
[08/Mar/2018 16:41:02] "GET /static/assets/fonts/Material-Design-Iconic-Font.woff2?v=2.2.0 HTTP/1.1" 304 0
[08/Mar/2018 16:41:02] "GET /static/assets/js/waves.js HTTP/1.1" 304 0
[08/Mar/2018 16:41:02] "GET /static/assets/js/jquery.nicescroll.js HTTP/1.1" 304 0
[08/Mar/2018 16:41:02] "GET /static/assets/js/jquery.scrollTo.min.js HTTP/1.1" 304 0
[08/Mar/2018 16:41:02] "GET /static/assets/plugins/switchery/switchery.min.js HTTP/1.1" 304 0
[08/Mar/2018 16:41:02] "GET /static/assets/js/jquery.slimscroll.js HTTP/1.1" 304 0
[08/Mar/2018 16:41:02] "GET /static/assets/plugins/morris/morris.min.js HTTP/1.1" 304 0
[08/Mar/2018 16:41:02] "GET /static/assets/plugins/raphael/raphael-min.js HTTP/1.1" 304 0
[08/Mar/2018 16:41:02] "GET /static/assets/plugins/counterup/jquery.counterup.min.js HTTP/1.1" 304 0
[08/Mar/2018 16:41:02] "GET /static/assets/plugins/waypoints/lib/jquery.waypoints.min.js HTTP/1.1" 304 0
[08/Mar/2018 16:41:02] "GET /static/assets/js/jquery.core.js HTTP/1.1" 304 0
[08/Mar/2018 16:41:02] "GET /static/assets/js/jquery.app.js HTTP/1.1" 304 0
[08/Mar/2018 16:41:02] "GET /static/assets/images/users/avatar-1.jpg HTTP/1.1" 304 0
[08/Mar/2018 16:41:02] "GET /static/assets/plugins/bootstrap-tagsinput/js/bootstrap-tagsinput.js HTTP/1.1" 304 0
[08/Mar/2018 16:41:02] "GET /static/assets/pages/jquery.dashboard.js HTTP/1.1" 304 0
[08/Mar/2018 16:41:02] "GET /static/assets/plugins/multiselect/js/jquery.multi-select.js HTTP/1.1" 304 0
[08/Mar/2018 16:41:02] "GET /static/assets/plugins/jquery-quicksearch/jquery.quicksearch.js HTTP/1.1" 304 0
[08/Mar/2018 16:41:02] "GET /static/assets/plugins/select2/js/select2.full.min.js HTTP/1.1" 304 0
[08/Mar/2018 16:41:02] "GET /static/assets/plugins/bootstrap-maxlength/bootstrap-maxlength.min.js HTTP/1.1" 304 0
[08/Mar/2018 16:41:02] "GET /static/assets/plugins/autocomplete/jquery.autocomplete.min.js HTTP/1.1" 304 0
[08/Mar/2018 16:41:02] "GET /static/assets/plugins/autocomplete/countries.js HTTP/1.1" 304 0
[08/Mar/2018 16:41:02] "GET /static/assets/pages/jquery.autocomplete.init.js HTTP/1.1" 304 0
[08/Mar/2018 16:41:02] "GET /static/assets/pages/jquery.formadvanced.init.js HTTP/1.1" 304 0
[08/Mar/2018 16:41:02] "GET /static/assets/images/users/avatar-3.jpg HTTP/1.1" 304 0
[08/Mar/2018 16:41:02] "GET /static/assets/images/users/avatar-4.jpg HTTP/1.1" 304 0
[08/Mar/2018 16:41:03] "GET /static/assets/plugins/multiselect/img/multiple-arrow.png HTTP/1.1" 304 0
[08/Mar/2018 16:41:03] "GET /static/assets/images/favicon.ico HTTP/1.1" 200 32038
[08/Mar/2018 16:41:04] "GET /os/run_cmd_many/ HTTP/1.1" 200 42914
[08/Mar/2018 16:42:37] "GET /os/run_cmd_many/ HTTP/1.1" 200 42520
[08/Mar/2018 16:42:37] "GET /static/assets/images/favicon.ico HTTP/1.1" 200 32038
[08/Mar/2018 16:44:05] "GET /static/assets/js/popper.min.js.map HTTP/1.1" 404 1698
[08/Mar/2018 16:44:05] "GET /static/assets/css/bootstrap.min.css.map HTTP/1.1" 404 1713
[08/Mar/2018 16:44:05] "GET /static/assets/css/style.css.map HTTP/1.1" 200 232796
[08/Mar/2018 16:44:39] "GET /os/run_cmd_many/ HTTP/1.1" 200 42520
[08/Mar/2018 16:44:39] "GET /static/assets/css/bootstrap.min.css.map HTTP/1.1" 404 1713
[08/Mar/2018 16:44:39] "GET /static/assets/js/popper.min.js.map HTTP/1.1" 404 1698
[08/Mar/2018 16:47:14] "GET /os/nmon_2_start/ HTTP/1.1" 200 43697
[08/Mar/2018 16:47:14] "GET /static/assets/plugins/bootstrap-tagsinput/css/bootstrap-tagsinput.css HTTP/1.1" 304 0
[08/Mar/2018 16:47:14] "GET /static/assets/css/bootstrap.min.css HTTP/1.1" 304 0
[08/Mar/2018 16:47:14] "GET /static/assets/plugins/multiselect/css/multi-select.css HTTP/1.1" 304 0
[08/Mar/2018 16:47:14] "GET /static/assets/plugins/morris/morris.css HTTP/1.1" 304 0
[08/Mar/2018 16:47:14] "GET /static/assets/plugins/select2/css/select2.min.css HTTP/1.1" 304 0
[08/Mar/2018 16:47:14] "GET /static/assets/plugins/switchery/switchery.min.css HTTP/1.1" 304 0
[08/Mar/2018 16:47:14] "GET /static/assets/js/modernizr.min.js HTTP/1.1" 304 0
[08/Mar/2018 16:47:14] "GET /static/assets/css/style.css HTTP/1.1" 304 0
[08/Mar/2018 16:47:14] "GET /static/assets/images/users/avatar-2.jpg HTTP/1.1" 304 0
[08/Mar/2018 16:47:14] "GET /static/assets/js/jquery.min.js HTTP/1.1" 304 0
[08/Mar/2018 16:47:14] "GET /static/assets/js/popper.min.js HTTP/1.1" 304 0
[08/Mar/2018 16:47:14] "GET /static/assets/js/bootstrap.min.js HTTP/1.1" 304 0
[08/Mar/2018 16:47:14] "GET /static/assets/js/detect.js HTTP/1.1" 304 0
[08/Mar/2018 16:47:14] "GET /static/assets/js/fastclick.js HTTP/1.1" 304 0
[08/Mar/2018 16:47:14] "GET /static/assets/js/jquery.blockUI.js HTTP/1.1" 304 0
[08/Mar/2018 16:47:14] "GET /static/assets/js/waves.js HTTP/1.1" 304 0
[08/Mar/2018 16:47:14] "GET /static/assets/js/jquery.nicescroll.js HTTP/1.1" 304 0
[08/Mar/2018 16:47:14] "GET /static/assets/js/jquery.scrollTo.min.js HTTP/1.1" 304 0
[08/Mar/2018 16:47:14] "GET /static/assets/js/jquery.slimscroll.js HTTP/1.1" 304 0
[08/Mar/2018 16:47:14] "GET /static/assets/plugins/switchery/switchery.min.js HTTP/1.1" 304 0
[08/Mar/2018 16:47:14] "GET /static/assets/plugins/morris/morris.min.js HTTP/1.1" 304 0
[08/Mar/2018 16:47:14] "GET /static/assets/plugins/raphael/raphael-min.js HTTP/1.1" 304 0
[08/Mar/2018 16:47:14] "GET /static/assets/fonts/Material-Design-Iconic-Font.woff2?v=2.2.0 HTTP/1.1" 304 0
[08/Mar/2018 16:47:14] "GET /static/assets/plugins/waypoints/lib/jquery.waypoints.min.js HTTP/1.1" 304 0
[08/Mar/2018 16:47:14] "GET /static/assets/fonts/fontawesome-webfont.woff2?v=4.7.0 HTTP/1.1" 304 0
[08/Mar/2018 16:47:14] "GET /static/assets/js/jquery.core.js HTTP/1.1" 304 0
[08/Mar/2018 16:47:14] "GET /static/assets/plugins/counterup/jquery.counterup.min.js HTTP/1.1" 304 0
[08/Mar/2018 16:47:14] "GET /static/assets/js/jquery.app.js HTTP/1.1" 304 0
[08/Mar/2018 16:47:14] "GET /static/assets/pages/jquery.dashboard.js HTTP/1.1" 304 0
[08/Mar/2018 16:47:14] "GET /static/assets/plugins/multiselect/js/jquery.multi-select.js HTTP/1.1" 304 0
[08/Mar/2018 16:47:14] "GET /static/assets/plugins/bootstrap-tagsinput/js/bootstrap-tagsinput.js HTTP/1.1" 304 0
[08/Mar/2018 16:47:14] "GET /static/assets/plugins/jquery-quicksearch/jquery.quicksearch.js HTTP/1.1" 304 0
[08/Mar/2018 16:47:14] "GET /static/assets/plugins/select2/js/select2.full.min.js HTTP/1.1" 304 0
[08/Mar/2018 16:47:14] "GET /static/assets/plugins/bootstrap-maxlength/bootstrap-maxlength.min.js HTTP/1.1" 304 0
[08/Mar/2018 16:47:14] "GET /static/assets/plugins/autocomplete/jquery.autocomplete.min.js HTTP/1.1" 304 0
[08/Mar/2018 16:47:14] "GET /static/assets/plugins/autocomplete/countries.js HTTP/1.1" 304 0
[08/Mar/2018 16:47:14] "GET /static/assets/pages/jquery.formadvanced.init.js HTTP/1.1" 304 0
[08/Mar/2018 16:47:14] "GET /static/assets/pages/jquery.autocomplete.init.js HTTP/1.1" 304 0
[08/Mar/2018 16:47:14] "GET /static/assets/images/users/avatar-3.jpg HTTP/1.1" 304 0
[08/Mar/2018 16:47:14] "GET /static/assets/images/users/avatar-4.jpg HTTP/1.1" 304 0
[08/Mar/2018 16:47:14] "GET /static/assets/images/users/avatar-1.jpg HTTP/1.1" 304 0
[08/Mar/2018 16:47:14] "GET /static/assets/plugins/multiselect/img/multiple-arrow.png HTTP/1.1" 304 0
[08/Mar/2018 16:47:21] "GET /static/assets/images/loading.gif HTTP/1.1" 200 14430
[08/Mar/2018 16:47:22] "GET /os/start_all/?c=10&s=1&categorys=10.95.154.185 HTTP/1.1" 200 125
Performing system checks...

System check identified no issues (0 silenced).
March 08, 2018 - 16:20:30
Django version 1.8.6, using settings 'Mserver.settings'
Starting development server at http://0.0.0.0:3608/
Quit the server with CONTROL-C.
[08/Mar/2018 16:48:24] "GET /os/nmon_2_start/ HTTP/1.1" 200 43697
[08/Mar/2018 16:48:24] "GET /static/assets/images/favicon.ico HTTP/1.1" 200 32038
[08/Mar/2018 16:48:26] "GET /os/run_cmd_many/ HTTP/1.1" 200 42478
[08/Mar/2018 16:48:35] "GET /static/assets/js/popper.min.js.map HTTP/1.1" 404 1698
[08/Mar/2018 16:48:35] "GET /static/assets/css/bootstrap.min.css.map HTTP/1.1" 404 1713
[08/Mar/2018 16:48:45] "GET /os/nmon_2_start/ HTTP/1.1" 200 43697
[08/Mar/2018 16:48:48] "GET /static/assets/js/popper.min.js.map HTTP/1.1" 404 1698
[08/Mar/2018 16:48:48] "GET /static/assets/css/bootstrap.min.css.map HTTP/1.1" 404 1713
[08/Mar/2018 16:48:53] "GET /os/start_all/?c=10&s=1&categorys=10.95.154.185 HTTP/1.1" 200 125
[08/Mar/2018 16:50:45] "GET /os/nmon_2_start/ HTTP/1.1" 200 43697
[08/Mar/2018 16:50:45] "GET /static/assets/images/favicon.ico HTTP/1.1" 200 32038
[08/Mar/2018 16:50:47] "GET /os/run_cmd_many/ HTTP/1.1" 200 42491
[08/Mar/2018 16:51:27] "GET /os/run_cmd_many/ HTTP/1.1" 200 42488
[08/Mar/2018 16:51:27] "GET /static/assets/images/favicon.ico HTTP/1.1" 200 32038
[08/Mar/2018 16:52:13] "GET /os/run_cmd_many/ HTTP/1.1" 200 42471
[08/Mar/2018 16:52:13] "GET /static/assets/images/favicon.ico HTTP/1.1" 200 32038
[08/Mar/2018 16:52:20] "GET /static/assets/js/popper.min.js.map HTTP/1.1" 404 1698
[08/Mar/2018 16:52:20] "GET /static/assets/css/bootstrap.min.css.map HTTP/1.1" 404 1713
[08/Mar/2018 16:52:20] "GET /static/assets/css/style.css.map HTTP/1.1" 304 0
[08/Mar/2018 16:56:03] "GET /static/assets/js/popper.min.js.map HTTP/1.1" 404 1698
[08/Mar/2018 16:56:03] "GET /static/assets/css/bootstrap.min.css.map HTTP/1.1" 404 1713
[08/Mar/2018 16:56:06] "GET /os/run_cmd_many/ HTTP/1.1" 200 42488
[08/Mar/2018 16:56:06] "GET /static/assets/plugins/bootstrap-tagsinput/css/bootstrap-tagsinput.css HTTP/1.1" 304 0
[08/Mar/2018 16:56:06] "GET /static/assets/plugins/select2/css/select2.min.css HTTP/1.1" 304 0
[08/Mar/2018 16:56:06] "GET /static/assets/plugins/multiselect/css/multi-select.css HTTP/1.1" 304 0
[08/Mar/2018 16:56:06] "GET /static/assets/plugins/morris/morris.css HTTP/1.1" 304 0
[08/Mar/2018 16:56:06] "GET /static/assets/plugins/switchery/switchery.min.css HTTP/1.1" 304 0
[08/Mar/2018 16:56:06] "GET /static/assets/css/bootstrap.min.css HTTP/1.1" 304 0
[08/Mar/2018 16:56:06] "GET /static/assets/css/style.css HTTP/1.1" 304 0
[08/Mar/2018 16:56:06] "GET /static/assets/js/modernizr.min.js HTTP/1.1" 304 0
[08/Mar/2018 16:56:06] "GET /static/assets/images/users/avatar-2.jpg HTTP/1.1" 304 0
[08/Mar/2018 16:56:06] "GET /static/assets/images/users/avatar-3.jpg HTTP/1.1" 304 0
[08/Mar/2018 16:56:06] "GET /static/assets/images/users/avatar-4.jpg HTTP/1.1" 304 0
[08/Mar/2018 16:56:06] "GET /static/assets/images/users/avatar-1.jpg HTTP/1.1" 304 0
[08/Mar/2018 16:56:06] "GET /static/assets/js/jquery.min.js HTTP/1.1" 304 0
[08/Mar/2018 16:56:06] "GET /static/assets/js/popper.min.js HTTP/1.1" 304 0
[08/Mar/2018 16:56:06] "GET /static/assets/js/bootstrap.min.js HTTP/1.1" 304 0
[08/Mar/2018 16:56:06] "GET /static/assets/js/detect.js HTTP/1.1" 304 0
[08/Mar/2018 16:56:06] "GET /static/assets/js/fastclick.js HTTP/1.1" 304 0
[08/Mar/2018 16:56:06] "GET /static/assets/js/jquery.blockUI.js HTTP/1.1" 304 0
[08/Mar/2018 16:56:06] "GET /static/assets/js/waves.js HTTP/1.1" 304 0
[08/Mar/2018 16:56:06] "GET /static/assets/js/jquery.nicescroll.js HTTP/1.1" 304 0
[08/Mar/2018 16:56:06] "GET /static/assets/js/jquery.scrollTo.min.js HTTP/1.1" 304 0
[08/Mar/2018 16:56:06] "GET /static/assets/js/jquery.slimscroll.js HTTP/1.1" 304 0
[08/Mar/2018 16:56:06] "GET /static/assets/plugins/switchery/switchery.min.js HTTP/1.1" 304 0
[08/Mar/2018 16:56:06] "GET /static/assets/plugins/morris/morris.min.js HTTP/1.1" 304 0
[08/Mar/2018 16:56:06] "GET /static/assets/plugins/raphael/raphael-min.js HTTP/1.1" 304 0
[08/Mar/2018 16:56:06] "GET /static/assets/plugins/waypoints/lib/jquery.waypoints.min.js HTTP/1.1" 304 0
[08/Mar/2018 16:56:06] "GET /static/assets/plugins/counterup/jquery.counterup.min.js HTTP/1.1" 304 0
[08/Mar/2018 16:56:06] "GET /static/assets/js/jquery.core.js HTTP/1.1" 304 0
[08/Mar/2018 16:56:06] "GET /static/assets/js/jquery.app.js HTTP/1.1" 304 0
[08/Mar/2018 16:56:06] "GET /static/assets/pages/jquery.dashboard.js HTTP/1.1" 304 0
[08/Mar/2018 16:56:06] "GET /static/assets/plugins/bootstrap-tagsinput/js/bootstrap-tagsinput.js HTTP/1.1" 304 0
[08/Mar/2018 16:56:06] "GET /static/assets/plugins/multiselect/js/jquery.multi-select.js HTTP/1.1" 304 0
[08/Mar/2018 16:56:06] "GET /static/assets/plugins/jquery-quicksearch/jquery.quicksearch.js HTTP/1.1" 304 0
[08/Mar/2018 16:56:06] "GET /static/assets/plugins/select2/js/select2.full.min.js HTTP/1.1" 304 0
[08/Mar/2018 16:56:06] "GET /static/assets/plugins/bootstrap-maxlength/bootstrap-maxlength.min.js HTTP/1.1" 304 0
[08/Mar/2018 16:56:06] "GET /static/assets/plugins/autocomplete/jquery.autocomplete.min.js HTTP/1.1" 304 0
[08/Mar/2018 16:56:06] "GET /static/assets/plugins/autocomplete/countries.js HTTP/1.1" 304 0
[08/Mar/2018 16:56:06] "GET /static/assets/pages/jquery.autocomplete.init.js HTTP/1.1" 304 0
[08/Mar/2018 16:56:06] "GET /static/assets/pages/jquery.formadvanced.init.js HTTP/1.1" 304 0
[08/Mar/2018 16:56:06] "GET /static/assets/css/bootstrap.min.css.map HTTP/1.1" 404 1713
[08/Mar/2018 16:56:06] "GET /static/assets/fonts/fontawesome-webfont.woff2?v=4.7.0 HTTP/1.1" 304 0
[08/Mar/2018 16:56:06] "GET /static/assets/fonts/Material-Design-Iconic-Font.woff2?v=2.2.0 HTTP/1.1" 304 0
[08/Mar/2018 16:56:06] "GET /static/assets/js/popper.min.js.map HTTP/1.1" 404 1698
[08/Mar/2018 16:56:06] "GET /static/assets/plugins/multiselect/img/multiple-arrow.png HTTP/1.1" 304 0
[08/Mar/2018 16:56:52] "GET /os/run_cmd_many/ HTTP/1.1" 200 42497
[08/Mar/2018 16:56:52] "GET /static/assets/css/bootstrap.min.css.map HTTP/1.1" 404 1713
[08/Mar/2018 16:56:52] "GET /static/assets/js/popper.min.js.map HTTP/1.1" 404 1698
[08/Mar/2018 16:58:23] "GET /os/run_cmd_many/ HTTP/1.1" 200 42490
[08/Mar/2018 16:58:23] "GET /static/assets/images/favicon.ico HTTP/1.1" 200 32038
[08/Mar/2018 16:58:31] "GET /static/assets/images/loading.gif HTTP/1.1" 304 0
[08/Mar/2018 16:58:31] "GET /os/start_all/?c=d&s=cmds&categorys=10.95.154.184 HTTP/1.1" 200 16
[08/Mar/2018 16:58:57] "GET /static/assets/js/popper.min.js.map HTTP/1.1" 404 1698
[08/Mar/2018 16:58:57] "GET /static/assets/css/bootstrap.min.css.map HTTP/1.1" 404 1713
[08/Mar/2018 16:58:57] "GET /static/assets/css/style.css.map HTTP/1.1" 304 0
[08/Mar/2018 16:59:00] "GET /os/run_cmd_many/ HTTP/1.1" 200 42490
[08/Mar/2018 16:59:00] "GET /static/assets/css/bootstrap.min.css.map HTTP/1.1" 404 1713
[08/Mar/2018 16:59:00] "GET /static/assets/js/popper.min.js.map HTTP/1.1" 404 1698
[08/Mar/2018 16:59:12] "GET /os/start_all/?c=9&s=cmds&categorys=10.95.154.185 HTTP/1.1" 200 16
Performing system checks...

System check identified no issues (0 silenced).
March 08, 2018 - 16:48:22
Django version 1.8.6, using settings 'Mserver.settings'
Starting development server at http://0.0.0.0:3608/
Quit the server with CONTROL-C.
[08/Mar/2018 17:24:51] "GET /os/run_cmd_many/ HTTP/1.1" 200 42468
[08/Mar/2018 17:24:51] "GET /static/assets/plugins/select2/css/select2.min.css HTTP/1.1" 304 0
[08/Mar/2018 17:24:51] "GET /static/assets/plugins/bootstrap-tagsinput/css/bootstrap-tagsinput.css HTTP/1.1" 304 0
[08/Mar/2018 17:24:51] "GET /static/assets/plugins/multiselect/css/multi-select.css HTTP/1.1" 304 0
[08/Mar/2018 17:24:51] "GET /static/assets/plugins/switchery/switchery.min.css HTTP/1.1" 304 0
[08/Mar/2018 17:24:51] "GET /static/assets/plugins/morris/morris.css HTTP/1.1" 304 0
[08/Mar/2018 17:24:51] "GET /static/assets/css/style.css HTTP/1.1" 304 0
[08/Mar/2018 17:24:51] "GET /static/assets/css/bootstrap.min.css HTTP/1.1" 304 0
[08/Mar/2018 17:24:51] "GET /static/assets/js/modernizr.min.js HTTP/1.1" 304 0
[08/Mar/2018 17:24:51] "GET /static/assets/images/users/avatar-2.jpg HTTP/1.1" 304 0
[08/Mar/2018 17:24:51] "GET /static/assets/images/users/avatar-3.jpg HTTP/1.1" 304 0
[08/Mar/2018 17:24:51] "GET /static/assets/images/users/avatar-4.jpg HTTP/1.1" 304 0
[08/Mar/2018 17:24:51] "GET /static/assets/images/users/avatar-1.jpg HTTP/1.1" 304 0
[08/Mar/2018 17:24:51] "GET /static/assets/js/jquery.min.js HTTP/1.1" 304 0
[08/Mar/2018 17:24:51] "GET /static/assets/js/popper.min.js HTTP/1.1" 304 0
[08/Mar/2018 17:24:51] "GET /static/assets/js/bootstrap.min.js HTTP/1.1" 304 0
[08/Mar/2018 17:24:51] "GET /static/assets/js/detect.js HTTP/1.1" 304 0
[08/Mar/2018 17:24:51] "GET /static/assets/js/fastclick.js HTTP/1.1" 304 0
[08/Mar/2018 17:24:51] "GET /static/assets/js/jquery.blockUI.js HTTP/1.1" 304 0
[08/Mar/2018 17:24:51] "GET /static/assets/js/waves.js HTTP/1.1" 304 0
[08/Mar/2018 17:24:51] "GET /static/assets/js/jquery.nicescroll.js HTTP/1.1" 304 0
[08/Mar/2018 17:24:51] "GET /static/assets/js/jquery.scrollTo.min.js HTTP/1.1" 304 0
[08/Mar/2018 17:24:51] "GET /static/assets/js/jquery.slimscroll.js HTTP/1.1" 304 0
[08/Mar/2018 17:24:51] "GET /static/assets/plugins/switchery/switchery.min.js HTTP/1.1" 304 0
[08/Mar/2018 17:24:51] "GET /static/assets/plugins/morris/morris.min.js HTTP/1.1" 304 0
[08/Mar/2018 17:24:51] "GET /static/assets/plugins/raphael/raphael-min.js HTTP/1.1" 304 0
[08/Mar/2018 17:24:51] "GET /static/assets/plugins/waypoints/lib/jquery.waypoints.min.js HTTP/1.1" 304 0
[08/Mar/2018 17:24:51] "GET /static/assets/plugins/counterup/jquery.counterup.min.js HTTP/1.1" 304 0
[08/Mar/2018 17:24:51] "GET /static/assets/fonts/Material-Design-Iconic-Font.woff2?v=2.2.0 HTTP/1.1" 304 0
[08/Mar/2018 17:24:51] "GET /static/assets/fonts/fontawesome-webfont.woff2?v=4.7.0 HTTP/1.1" 304 0
[08/Mar/2018 17:24:51] "GET /static/assets/css/bootstrap.min.css.map HTTP/1.1" 404 1713
[08/Mar/2018 17:24:51] "GET /static/assets/css/style.css.map HTTP/1.1" 304 0
[08/Mar/2018 17:24:51] "GET /static/assets/js/jquery.core.js HTTP/1.1" 304 0
[08/Mar/2018 17:24:51] "GET /static/assets/js/jquery.app.js HTTP/1.1" 304 0
[08/Mar/2018 17:24:51] "GET /static/assets/pages/jquery.dashboard.js HTTP/1.1" 304 0
[08/Mar/2018 17:24:51] "GET /static/assets/plugins/select2/js/select2.full.min.js HTTP/1.1" 304 0
[08/Mar/2018 17:24:51] "GET /static/assets/plugins/jquery-quicksearch/jquery.quicksearch.js HTTP/1.1" 304 0
[08/Mar/2018 17:24:51] "GET /static/assets/plugins/multiselect/js/jquery.multi-select.js HTTP/1.1" 304 0
[08/Mar/2018 17:24:51] "GET /static/assets/plugins/bootstrap-tagsinput/js/bootstrap-tagsinput.js HTTP/1.1" 304 0
[08/Mar/2018 17:24:51] "GET /static/assets/plugins/bootstrap-maxlength/bootstrap-maxlength.min.js HTTP/1.1" 304 0
[08/Mar/2018 17:24:51] "GET /static/assets/plugins/autocomplete/jquery.autocomplete.min.js HTTP/1.1" 304 0
[08/Mar/2018 17:24:51] "GET /static/assets/pages/jquery.autocomplete.init.js HTTP/1.1" 304 0
[08/Mar/2018 17:24:51] "GET /static/assets/plugins/autocomplete/countries.js HTTP/1.1" 304 0
[08/Mar/2018 17:24:51] "GET /static/assets/pages/jquery.formadvanced.init.js HTTP/1.1" 304 0
[08/Mar/2018 17:24:51] "GET /static/assets/js/popper.min.js.map HTTP/1.1" 404 1698
[08/Mar/2018 17:24:51] "GET /static/assets/plugins/multiselect/img/multiple-arrow.png HTTP/1.1" 304 0
[08/Mar/2018 17:25:00] "GET /static/assets/images/loading.gif HTTP/1.1" 304 0
[08/Mar/2018 17:25:01] "GET /os/start_all/?c=pwd&s=cmds&categorys=10.95.154.185 HTTP/1.1" 200 26
[08/Mar/2018 17:25:22] "GET /os/start_all/?c=cat%20/etc/passwd&s=cmds&categorys=10.95.154.185 HTTP/1.1" 200 1063
[08/Mar/2018 17:25:35] "GET /os/run_cmd_many/ HTTP/1.1" 200 42468
[08/Mar/2018 17:25:35] "GET /favicon.ico HTTP/1.1" 404 2045
[08/Mar/2018 17:25:44] "GET /static/assets/js/popper.min.js.map HTTP/1.1" 404 1698
[08/Mar/2018 17:25:44] "GET /static/assets/css/bootstrap.min.css.map HTTP/1.1" 404 1713
Performing system checks...

System check identified no issues (0 silenced).
March 08, 2018 - 17:16:59
Django version 1.8.6, using settings 'Mserver.settings'
Starting development server at http://0.0.0.0:3608/
Quit the server with CONTROL-C.
[08/Mar/2018 17:26:44] "GET /os/run_cmd_many/ HTTP/1.1" 200 42468
[08/Mar/2018 17:26:44] "GET /static/assets/images/favicon.ico HTTP/1.1" 200 32038
[08/Mar/2018 17:26:56] "GET /os/start_all/?c=cat%20/etc/passwd&s=cmds&categorys=10.95.154.185,10.95.154.184 HTTP/1.1" 200 2331
[08/Mar/2018 17:27:31] "GET /os/start_all/?c=cat%20/etc/passwd&s=cmds&categorys=10.95.154.185,10.95.154.184,10.95.154.183,10.95.154.182,10.95.154.181,10.95.154.180,10.95.154.147,10.95.154.146,10.95.154.145,10.95.154.144,10.95.154.143,10.95.154.142,10.95.154.141,10.95.154.194,10.95.154.188,10.95.154.186 HTTP/1.1" 200 17960
[08/Mar/2018 17:38:50] "GET /static/assets/plugins/select2/css/select2.min.css HTTP/1.1" 304 0
[08/Mar/2018 17:38:50] "GET /static/assets/plugins/bootstrap-tagsinput/css/bootstrap-tagsinput.css HTTP/1.1" 304 0
[08/Mar/2018 17:38:50] "GET /static/assets/plugins/morris/morris.css HTTP/1.1" 304 0
[08/Mar/2018 17:38:50] "GET /static/assets/plugins/multiselect/css/multi-select.css HTTP/1.1" 304 0
[08/Mar/2018 17:38:50] "GET /static/assets/css/bootstrap.min.css HTTP/1.1" 304 0
[08/Mar/2018 17:38:50] "GET /static/assets/plugins/switchery/switchery.min.css HTTP/1.1" 304 0
[08/Mar/2018 17:38:50] "GET /static/assets/css/style.css HTTP/1.1" 304 0
[08/Mar/2018 17:38:50] "GET /static/assets/js/popper.min.js.map HTTP/1.1" 404 1698
[08/Mar/2018 17:38:50] "GET /static/assets/css/style.css.map HTTP/1.1" 304 0
[08/Mar/2018 17:38:50] "GET /static/assets/css/bootstrap.min.css.map HTTP/1.1" 404 1713
[08/Mar/2018 17:39:06] "GET /os/run_cmd_many/ HTTP/1.1" 200 42469
[08/Mar/2018 17:39:06] "GET /static/assets/js/modernizr.min.js HTTP/1.1" 304 0
[08/Mar/2018 17:39:07] "GET /static/assets/images/users/avatar-2.jpg HTTP/1.1" 304 0
[08/Mar/2018 17:39:07] "GET /static/assets/js/jquery.min.js HTTP/1.1" 304 0
[08/Mar/2018 17:39:07] "GET /static/assets/js/popper.min.js HTTP/1.1" 304 0
[08/Mar/2018 17:39:07] "GET /static/assets/js/bootstrap.min.js HTTP/1.1" 304 0
[08/Mar/2018 17:39:07] "GET /static/assets/js/detect.js HTTP/1.1" 304 0
[08/Mar/2018 17:39:07] "GET /static/assets/js/fastclick.js HTTP/1.1" 304 0
[08/Mar/2018 17:39:07] "GET /static/assets/js/jquery.blockUI.js HTTP/1.1" 304 0
[08/Mar/2018 17:39:07] "GET /static/assets/js/waves.js HTTP/1.1" 304 0
[08/Mar/2018 17:39:07] "GET /static/assets/js/jquery.slimscroll.js HTTP/1.1" 304 0
[08/Mar/2018 17:39:07] "GET /static/assets/js/jquery.scrollTo.min.js HTTP/1.1" 304 0
[08/Mar/2018 17:39:07] "GET /static/assets/plugins/morris/morris.min.js HTTP/1.1" 304 0
[08/Mar/2018 17:39:07] "GET /static/assets/js/jquery.nicescroll.js HTTP/1.1" 304 0
[08/Mar/2018 17:39:07] "GET /static/assets/plugins/switchery/switchery.min.js HTTP/1.1" 304 0
[08/Mar/2018 17:39:07] "GET /static/assets/fonts/fontawesome-webfont.woff2?v=4.7.0 HTTP/1.1" 304 0
[08/Mar/2018 17:39:07] "GET /static/assets/fonts/Material-Design-Iconic-Font.woff2?v=2.2.0 HTTP/1.1" 304 0
[08/Mar/2018 17:39:07] "GET /static/assets/images/users/avatar-1.jpg HTTP/1.1" 304 0
[08/Mar/2018 17:39:07] "GET /static/assets/plugins/raphael/raphael-min.js HTTP/1.1" 304 0
[08/Mar/2018 17:39:07] "GET /static/assets/plugins/waypoints/lib/jquery.waypoints.min.js HTTP/1.1" 304 0
[08/Mar/2018 17:39:07] "GET /static/assets/plugins/counterup/jquery.counterup.min.js HTTP/1.1" 304 0
[08/Mar/2018 17:39:07] "GET /static/assets/js/jquery.core.js HTTP/1.1" 304 0
[08/Mar/2018 17:39:07] "GET /static/assets/js/jquery.app.js HTTP/1.1" 304 0
[08/Mar/2018 17:39:07] "GET /static/assets/pages/jquery.dashboard.js HTTP/1.1" 304 0
[08/Mar/2018 17:39:07] "GET /static/assets/plugins/jquery-quicksearch/jquery.quicksearch.js HTTP/1.1" 304 0
[08/Mar/2018 17:39:07] "GET /static/assets/plugins/bootstrap-tagsinput/js/bootstrap-tagsinput.js HTTP/1.1" 304 0
[08/Mar/2018 17:39:07] "GET /static/assets/plugins/multiselect/js/jquery.multi-select.js HTTP/1.1" 304 0
[08/Mar/2018 17:39:07] "GET /static/assets/plugins/select2/js/select2.full.min.js HTTP/1.1" 304 0
[08/Mar/2018 17:39:07] "GET /static/assets/plugins/bootstrap-maxlength/bootstrap-maxlength.min.js HTTP/1.1" 304 0
[08/Mar/2018 17:39:07] "GET /static/assets/plugins/autocomplete/jquery.autocomplete.min.js HTTP/1.1" 304 0
[08/Mar/2018 17:39:07] "GET /static/assets/plugins/autocomplete/countries.js HTTP/1.1" 304 0
[08/Mar/2018 17:39:07] "GET /static/assets/pages/jquery.autocomplete.init.js HTTP/1.1" 304 0
[08/Mar/2018 17:39:07] "GET /static/assets/pages/jquery.formadvanced.init.js HTTP/1.1" 304 0
[08/Mar/2018 17:39:07] "GET /static/assets/images/users/avatar-3.jpg HTTP/1.1" 304 0
[08/Mar/2018 17:39:07] "GET /static/assets/images/users/avatar-4.jpg HTTP/1.1" 304 0
[08/Mar/2018 17:39:07] "GET /static/assets/plugins/multiselect/img/multiple-arrow.png HTTP/1.1" 304 0
[08/Mar/2018 17:39:07] "GET /static/assets/images/favicon.ico HTTP/1.1" 200 32038
[08/Mar/2018 17:39:14] "GET /static/assets/images/loading.gif HTTP/1.1" 304 0
[08/Mar/2018 17:39:16] "GET /os/start_all/?c=pwd&s=cmds&categorys=10.95.154.185,10.95.154.183,10.95.154.182,10.95.154.181 HTTP/1.1" 200 104
[08/Mar/2018 17:39:23] "GET /static/assets/js/popper.min.js.map HTTP/1.1" 404 1698
[08/Mar/2018 17:39:24] "GET /static/assets/css/bootstrap.min.css.map HTTP/1.1" 404 1713
[08/Mar/2018 17:41:46] "GET /os/run_cmd_many/ HTTP/1.1" 200 42469
[08/Mar/2018 17:41:46] "GET /static/assets/images/favicon.ico HTTP/1.1" 200 32038
[08/Mar/2018 17:41:53] "GET /os/start_all/?c=pwd&s=cmds&categorys=10.95.154.183,10.95.154.182,10.95.154.181,10.95.154.180 HTTP/1.1" 200 104
[08/Mar/2018 17:43:57] "GET /static/assets/js/popper.min.js.map HTTP/1.1" 404 1698
[08/Mar/2018 17:43:57] "GET /static/assets/css/bootstrap.min.css.map HTTP/1.1" 404 1713
[08/Mar/2018 17:44:43] "GET /os/run_cmd_many/ HTTP/1.1" 200 42469
[08/Mar/2018 17:44:43] "GET /static/assets/css/bootstrap.min.css.map HTTP/1.1" 404 1713
[08/Mar/2018 17:44:44] "GET /static/assets/js/popper.min.js.map HTTP/1.1" 404 1698
[08/Mar/2018 17:44:58] "GET /os/start_all/?c=echo%20%22cd%20~/nmon/;./nmon_x86_64_centos*%20-s%201%20-c%2010%20-F%20360test_2018-03-07_10:33:28_10.95.154.181.nmon%20-t%20%22&s=cmds&categorys=10.95.154.183,10.95.154.182,10.95.154.181,10.95.154.180 HTTP/1.1" 200 580
[08/Mar/2018 17:45:17] "GET /os/start_all/?c=echo%20%27cd%20~/nmon/;./nmon_x86_64_centos*%20-s%201%20-c%2010%20-F%20360test_2018-03-07_10:33:28_10.95.154.181.nmon%20-t%27&s=cmds&categorys=10.95.154.183,10.95.154.182,10.95.154.181,10.95.154.180 HTTP/1.1" 200 576
[08/Mar/2018 17:45:56] "GET /os/run_cmd_many/ HTTP/1.1" 200 42469
[08/Mar/2018 17:45:56] "GET /static/assets/images/favicon.ico HTTP/1.1" 200 32038
[08/Mar/2018 17:46:02] "GET /os/start_all/?c=echo%20%27cd%20~/nmon/;./nmon_x86_64_centos*%20-s%201%20-c%2010%20-F%20360test_2018-03-07_10:33:28_10.95.154.181.nmon%20-t%20SUCCESS%27&s=cmds&categorys=10.95.154.185,10.95.154.184,10.95.154.183,10.95.154.182 HTTP/1.1" 200 576
[08/Mar/2018 17:46:28] "GET /os/start_all/?c=echo%20%27123%27&s=cmds&categorys=10.95.154.185,10.95.154.184,10.95.154.183,10.95.154.182 HTTP/1.1" 200 96
[08/Mar/2018 17:46:38] "GET /os/start_all/?c=echo%20%27cd%20~%27&s=cmds&categorys=10.95.154.185,10.95.154.184,10.95.154.183,10.95.154.182 HTTP/1.1" 200 100
[08/Mar/2018 17:50:11] "GET /static/assets/plugins/select2/css/select2.min.css HTTP/1.1" 304 0
[08/Mar/2018 17:50:11] "GET /static/assets/plugins/multiselect/css/multi-select.css HTTP/1.1" 304 0
[08/Mar/2018 17:50:11] "GET /static/assets/plugins/morris/morris.css HTTP/1.1" 304 0
[08/Mar/2018 17:50:11] "GET /static/assets/plugins/switchery/switchery.min.css HTTP/1.1" 304 0
[08/Mar/2018 17:50:11] "GET /static/assets/plugins/bootstrap-tagsinput/css/bootstrap-tagsinput.css HTTP/1.1" 304 0
[08/Mar/2018 17:50:11] "GET /static/assets/css/bootstrap.min.css HTTP/1.1" 304 0
[08/Mar/2018 17:50:11] "GET /static/assets/css/style.css HTTP/1.1" 304 0
[08/Mar/2018 17:50:11] "GET /static/assets/js/popper.min.js.map HTTP/1.1" 404 1698
[08/Mar/2018 17:50:11] "GET /static/assets/css/bootstrap.min.css.map HTTP/1.1" 404 1713
[08/Mar/2018 17:50:11] "GET /static/assets/css/style.css.map HTTP/1.1" 304 0
[08/Mar/2018 17:50:23] "GET /static/assets/images/loading.gif HTTP/1.1" 304 0
[08/Mar/2018 17:50:23] "GET /os/start_all/?c=echo%20%27texttexttexttexttexttexttexttexttexttexttexttexttexttexttexttexttexttexttexttexttexttexttexttexttexttexttexttexttexttexttexttexttexttexttexttexttexttexttexttexttexttexttexttexttext%27&s=cmds&categorys=10.95.154.185,10.95.154.184,10.95.154.183,10.95.154.182 HTTP/1.1" 200 804
[08/Mar/2018 17:50:36] "GET /os/start_all/?c=echo%20%27texttexttexttexttexttexttexttexttexttexttexttexttexttexttexttexttexttexttexttexttexttexttexttexttexttexttexttexttexttexttexttexttexttexttexttexttexttexttexttexttexttexttexttexttextSUCESS%27&s=cmds&categorys=10.95.154.185,10.95.154.184,10.95.154.183,10.95.154.182 HTTP/1.1" 200 828
[08/Mar/2018 18:17:01] "GET /os/run_cmd_many/ HTTP/1.1" 200 42479
[08/Mar/2018 18:17:01] "GET /static/assets/plugins/bootstrap-tagsinput/css/bootstrap-tagsinput.css HTTP/1.1" 304 0
[08/Mar/2018 18:17:01] "GET /static/assets/plugins/multiselect/css/multi-select.css HTTP/1.1" 304 0
[08/Mar/2018 18:17:01] "GET /static/assets/plugins/select2/css/select2.min.css HTTP/1.1" 304 0
[08/Mar/2018 18:17:01] "GET /static/assets/plugins/morris/morris.css HTTP/1.1" 304 0
[08/Mar/2018 18:17:01] "GET /static/assets/css/bootstrap.min.css HTTP/1.1" 304 0
[08/Mar/2018 18:17:01] "GET /static/assets/plugins/switchery/switchery.min.css HTTP/1.1" 304 0
[08/Mar/2018 18:17:01] "GET /static/assets/css/style.css HTTP/1.1" 304 0
[08/Mar/2018 18:17:01] "GET /static/assets/js/modernizr.min.js HTTP/1.1" 304 0
[08/Mar/2018 18:17:01] "GET /static/assets/images/users/avatar-2.jpg HTTP/1.1" 304 0
[08/Mar/2018 18:17:01] "GET /static/assets/js/jquery.min.js HTTP/1.1" 304 0
[08/Mar/2018 18:17:01] "GET /static/assets/js/popper.min.js HTTP/1.1" 304 0
[08/Mar/2018 18:17:01] "GET /static/assets/js/bootstrap.min.js HTTP/1.1" 304 0
[08/Mar/2018 18:17:01] "GET /static/assets/js/detect.js HTTP/1.1" 304 0
[08/Mar/2018 18:17:01] "GET /static/assets/js/fastclick.js HTTP/1.1" 304 0
[08/Mar/2018 18:17:01] "GET /static/assets/js/jquery.blockUI.js HTTP/1.1" 304 0
[08/Mar/2018 18:17:01] "GET /static/assets/js/waves.js HTTP/1.1" 304 0
[08/Mar/2018 18:17:01] "GET /static/assets/js/jquery.nicescroll.js HTTP/1.1" 304 0
[08/Mar/2018 18:17:01] "GET /static/assets/js/jquery.scrollTo.min.js HTTP/1.1" 304 0
[08/Mar/2018 18:17:01] "GET /static/assets/js/jquery.slimscroll.js HTTP/1.1" 304 0
[08/Mar/2018 18:17:01] "GET /static/assets/plugins/switchery/switchery.min.js HTTP/1.1" 304 0
[08/Mar/2018 18:17:01] "GET /static/assets/plugins/morris/morris.min.js HTTP/1.1" 304 0
[08/Mar/2018 18:17:01] "GET /static/assets/plugins/raphael/raphael-min.js HTTP/1.1" 304 0
[08/Mar/2018 18:17:01] "GET /static/assets/plugins/waypoints/lib/jquery.waypoints.min.js HTTP/1.1" 304 0
[08/Mar/2018 18:17:01] "GET /static/assets/plugins/counterup/jquery.counterup.min.js HTTP/1.1" 304 0
[08/Mar/2018 18:17:01] "GET /static/assets/js/jquery.app.js HTTP/1.1" 304 0
[08/Mar/2018 18:17:01] "GET /static/assets/pages/jquery.dashboard.js HTTP/1.1" 304 0
[08/Mar/2018 18:17:01] "GET /static/assets/plugins/bootstrap-tagsinput/js/bootstrap-tagsinput.js HTTP/1.1" 304 0
[08/Mar/2018 18:17:01] "GET /static/assets/js/jquery.core.js HTTP/1.1" 304 0
[08/Mar/2018 18:17:01] "GET /static/assets/fonts/Material-Design-Iconic-Font.woff2?v=2.2.0 HTTP/1.1" 304 0
[08/Mar/2018 18:17:01] "GET /static/assets/fonts/fontawesome-webfont.woff2?v=4.7.0 HTTP/1.1" 304 0
[08/Mar/2018 18:17:01] "GET /static/assets/plugins/multiselect/js/jquery.multi-select.js HTTP/1.1" 304 0
[08/Mar/2018 18:17:01] "GET /static/assets/plugins/select2/js/select2.full.min.js HTTP/1.1" 304 0
[08/Mar/2018 18:17:01] "GET /static/assets/plugins/jquery-quicksearch/jquery.quicksearch.js HTTP/1.1" 304 0
[08/Mar/2018 18:17:01] "GET /static/assets/plugins/bootstrap-maxlength/bootstrap-maxlength.min.js HTTP/1.1" 304 0
[08/Mar/2018 18:17:01] "GET /static/assets/plugins/autocomplete/jquery.autocomplete.min.js HTTP/1.1" 304 0
[08/Mar/2018 18:17:01] "GET /static/assets/plugins/autocomplete/countries.js HTTP/1.1" 304 0
[08/Mar/2018 18:17:01] "GET /static/assets/pages/jquery.autocomplete.init.js HTTP/1.1" 304 0
[08/Mar/2018 18:17:01] "GET /static/assets/pages/jquery.formadvanced.init.js HTTP/1.1" 304 0
[08/Mar/2018 18:17:01] "GET /static/assets/images/users/avatar-3.jpg HTTP/1.1" 304 0
[08/Mar/2018 18:17:01] "GET /static/assets/images/users/avatar-4.jpg HTTP/1.1" 304 0
[08/Mar/2018 18:17:01] "GET /static/assets/images/users/avatar-1.jpg HTTP/1.1" 304 0
[08/Mar/2018 18:17:02] "GET /static/assets/plugins/multiselect/img/multiple-arrow.png HTTP/1.1" 304 0
[08/Mar/2018 18:17:02] "GET /static/assets/images/favicon.ico HTTP/1.1" 200 32038
[08/Mar/2018 18:17:08] "GET /static/assets/images/loading.gif HTTP/1.1" 304 0
[08/Mar/2018 18:17:09] "GET /os/start_all/?c=pwd&s=cmds&categorys=10.95.154.185,10.95.154.184 HTTP/1.1" 200 52
[08/Mar/2018 18:19:34] "GET /os/run_cmd_many/ HTTP/1.1" 200 42509
[08/Mar/2018 18:19:34] "GET /static/assets/images/favicon.ico HTTP/1.1" 200 32038
[08/Mar/2018 18:19:41] "GET /os/start_all/?c=pwd&s=cmds&categorys=10.95.154.185,10.95.154.184 HTTP/1.1" 200 52
[08/Mar/2018 18:19:57] "GET /os/start_all/?c=cat%20/etc/passwd&s=cmds&categorys=10.95.154.185,10.95.154.184 HTTP/1.1" 200 2331
[08/Mar/2018 18:21:24] "GET /os/start_all/?c=pwd&s=cmds&categorys=10.95.154.185,10.95.154.184 HTTP/1.1" 200 52
[08/Mar/2018 18:45:16] "GET /os/run_cmd_many/ HTTP/1.1" 200 42509
[08/Mar/2018 18:45:16] "GET /static/assets/plugins/bootstrap-tagsinput/css/bootstrap-tagsinput.css HTTP/1.1" 304 0
[08/Mar/2018 18:45:16] "GET /static/assets/plugins/multiselect/css/multi-select.css HTTP/1.1" 304 0
[08/Mar/2018 18:45:16] "GET /static/assets/plugins/select2/css/select2.min.css HTTP/1.1" 304 0
[08/Mar/2018 18:45:16] "GET /static/assets/plugins/switchery/switchery.min.css HTTP/1.1" 304 0
[08/Mar/2018 18:45:16] "GET /static/assets/plugins/morris/morris.css HTTP/1.1" 304 0
[08/Mar/2018 18:45:16] "GET /static/assets/css/bootstrap.min.css HTTP/1.1" 304 0
[08/Mar/2018 18:45:16] "GET /static/assets/css/style.css HTTP/1.1" 304 0
[08/Mar/2018 18:45:16] "GET /static/assets/js/modernizr.min.js HTTP/1.1" 304 0
[08/Mar/2018 18:45:16] "GET /static/assets/images/users/avatar-2.jpg HTTP/1.1" 304 0
[08/Mar/2018 18:45:16] "GET /static/assets/js/jquery.min.js HTTP/1.1" 304 0
[08/Mar/2018 18:45:16] "GET /static/assets/js/popper.min.js HTTP/1.1" 304 0
[08/Mar/2018 18:45:16] "GET /static/assets/js/bootstrap.min.js HTTP/1.1" 304 0
[08/Mar/2018 18:45:16] "GET /static/assets/js/detect.js HTTP/1.1" 304 0
[08/Mar/2018 18:45:16] "GET /static/assets/js/fastclick.js HTTP/1.1" 304 0
[08/Mar/2018 18:45:16] "GET /static/assets/js/jquery.blockUI.js HTTP/1.1" 304 0
[08/Mar/2018 18:45:16] "GET /static/assets/js/waves.js HTTP/1.1" 304 0
[08/Mar/2018 18:45:16] "GET /static/assets/js/jquery.nicescroll.js HTTP/1.1" 304 0
[08/Mar/2018 18:45:16] "GET /static/assets/js/jquery.scrollTo.min.js HTTP/1.1" 304 0
[08/Mar/2018 18:45:16] "GET /static/assets/js/jquery.slimscroll.js HTTP/1.1" 304 0
[08/Mar/2018 18:45:16] "GET /static/assets/plugins/morris/morris.min.js HTTP/1.1" 304 0
[08/Mar/2018 18:45:16] "GET /static/assets/plugins/switchery/switchery.min.js HTTP/1.1" 304 0
[08/Mar/2018 18:45:16] "GET /static/assets/plugins/raphael/raphael-min.js HTTP/1.1" 304 0
[08/Mar/2018 18:45:16] "GET /static/assets/plugins/waypoints/lib/jquery.waypoints.min.js HTTP/1.1" 304 0
[08/Mar/2018 18:45:16] "GET /static/assets/fonts/Material-Design-Iconic-Font.woff2?v=2.2.0 HTTP/1.1" 304 0
[08/Mar/2018 18:45:16] "GET /static/assets/fonts/fontawesome-webfont.woff2?v=4.7.0 HTTP/1.1" 304 0
[08/Mar/2018 18:45:16] "GET /static/assets/plugins/counterup/jquery.counterup.min.js HTTP/1.1" 304 0
[08/Mar/2018 18:45:16] "GET /static/assets/js/jquery.app.js HTTP/1.1" 304 0
[08/Mar/2018 18:45:16] "GET /static/assets/js/jquery.core.js HTTP/1.1" 304 0
[08/Mar/2018 18:45:16] "GET /static/assets/pages/jquery.dashboard.js HTTP/1.1" 304 0
[08/Mar/2018 18:45:16] "GET /static/assets/plugins/bootstrap-tagsinput/js/bootstrap-tagsinput.js HTTP/1.1" 304 0
[08/Mar/2018 18:45:16] "GET /static/assets/plugins/multiselect/js/jquery.multi-select.js HTTP/1.1" 304 0
[08/Mar/2018 18:45:16] "GET /static/assets/plugins/jquery-quicksearch/jquery.quicksearch.js HTTP/1.1" 304 0
[08/Mar/2018 18:45:16] "GET /static/assets/plugins/select2/js/select2.full.min.js HTTP/1.1" 304 0
[08/Mar/2018 18:45:16] "GET /static/assets/plugins/bootstrap-maxlength/bootstrap-maxlength.min.js HTTP/1.1" 304 0
[08/Mar/2018 18:45:16] "GET /static/assets/plugins/autocomplete/jquery.autocomplete.min.js HTTP/1.1" 304 0
[08/Mar/2018 18:45:16] "GET /static/assets/plugins/autocomplete/countries.js HTTP/1.1" 304 0
[08/Mar/2018 18:45:16] "GET /static/assets/pages/jquery.autocomplete.init.js HTTP/1.1" 304 0
[08/Mar/2018 18:45:16] "GET /static/assets/pages/jquery.formadvanced.init.js HTTP/1.1" 304 0
[08/Mar/2018 18:45:16] "GET /static/assets/images/users/avatar-3.jpg HTTP/1.1" 304 0
[08/Mar/2018 18:45:16] "GET /static/assets/images/users/avatar-4.jpg HTTP/1.1" 304 0
[08/Mar/2018 18:45:16] "GET /static/assets/images/users/avatar-1.jpg HTTP/1.1" 304 0
[08/Mar/2018 18:45:17] "GET /static/assets/plugins/multiselect/img/multiple-arrow.png HTTP/1.1" 304 0
[08/Mar/2018 18:45:17] "GET /static/assets/images/favicon.ico HTTP/1.1" 200 32038
[08/Mar/2018 18:45:30] "GET /static/assets/images/loading.gif HTTP/1.1" 304 0
[08/Mar/2018 18:45:32] "GET /os/start_all/?c=echo%20%27sadddddddddddddddddddddddddddddddddddddddddddddddddddddddddddddddddddddddassssssssssssssssssssssssssssssssssssssssss%27&s=cmds&categorys=10.95.154.185,10.95.154.184 HTTP/1.1" 200 274
[08/Mar/2018 18:46:27] "GET /os/run_cmd_many/ HTTP/1.1" 200 42479
[08/Mar/2018 18:46:27] "GET /static/assets/images/favicon.ico HTTP/1.1" 200 32038
[08/Mar/2018 18:46:35] "GET /os/start_all/?c=pwd&s=cmds&categorys=10.95.154.184,10.95.154.183 HTTP/1.1" 200 52
[08/Mar/2018 18:47:19] "GET /os/run_cmd_many/ HTTP/1.1" 200 42511
[08/Mar/2018 18:47:19] "GET /static/assets/images/favicon.ico HTTP/1.1" 200 32038
[08/Mar/2018 18:47:25] "GET /os/start_all/?c=pwd&s=cmds&categorys=10.95.154.185,10.95.154.184 HTTP/1.1" 200 52
[08/Mar/2018 18:48:39] "GET /os/run_cmd_many/ HTTP/1.1" 200 42517
[08/Mar/2018 18:48:39] "GET /static/assets/images/favicon.ico HTTP/1.1" 200 32038
[08/Mar/2018 18:48:45] "GET /os/start_all/?c=pwd&s=cmds&categorys=10.95.154.185,10.95.154.184 HTTP/1.1" 200 52
[08/Mar/2018 18:48:49] "GET /static/assets/js/popper.min.js.map HTTP/1.1" 404 1698
[08/Mar/2018 18:48:49] "GET /static/assets/css/style.css.map HTTP/1.1" 304 0
[08/Mar/2018 18:48:49] "GET /static/assets/css/bootstrap.min.css.map HTTP/1.1" 404 1713
[08/Mar/2018 18:48:56] "GET /os/run_cmd_many/ HTTP/1.1" 200 42517
[08/Mar/2018 18:48:57] "GET /static/assets/images/favicon.ico HTTP/1.1" 200 32038
[08/Mar/2018 18:49:28] "GET /os/run_cmd_many/ HTTP/1.1" 200 42563
[08/Mar/2018 18:49:28] "GET /static/assets/images/favicon.ico HTTP/1.1" 200 32038
[08/Mar/2018 18:49:33] "GET /os/start_all/?c=pwd&s=cmds&categorys=10.95.154.185,10.95.154.184 HTTP/1.1" 200 52
[08/Mar/2018 18:50:33] "GET /os/run_cmd_many/ HTTP/1.1" 200 42616
[08/Mar/2018 18:50:33] "GET /static/assets/images/favicon.ico HTTP/1.1" 200 32038
[08/Mar/2018 18:50:55] "GET /static/assets/js/popper.min.js.map HTTP/1.1" 404 1698
[08/Mar/2018 18:50:55] "GET /static/assets/css/bootstrap.min.css.map HTTP/1.1" 404 1713
[08/Mar/2018 18:51:18] "GET /os/run_cmd_many/ HTTP/1.1" 200 42620
[08/Mar/2018 18:51:19] "GET /static/assets/css/bootstrap.min.css.map HTTP/1.1" 404 1713
[08/Mar/2018 18:51:19] "GET /static/assets/js/popper.min.js.map HTTP/1.1" 404 1698
[08/Mar/2018 18:52:04] "GET /os/run_cmd_many/ HTTP/1.1" 200 42621
[08/Mar/2018 18:52:04] "GET /static/assets/images/favicon.ico HTTP/1.1" 200 32038
[08/Mar/2018 18:52:09] "GET /os/start_all/?c=pwd&s=cmds&categorys=10.95.154.185,10.95.154.184 HTTP/1.1" 200 52
[08/Mar/2018 18:52:41] "GET /os/run_cmd_many/ HTTP/1.1" 200 42714
[08/Mar/2018 18:52:41] "GET /static/assets/images/favicon.ico HTTP/1.1" 200 32038
[08/Mar/2018 18:52:46] "GET /os/start_all/?c=pwd&s=cmds&categorys=10.95.154.184,10.95.154.183 HTTP/1.1" 200 52
[08/Mar/2018 18:53:08] "GET /os/run_cmd_many/ HTTP/1.1" 200 42714
[08/Mar/2018 18:53:09] "GET /static/assets/images/favicon.ico HTTP/1.1" 200 32038
[08/Mar/2018 18:53:14] "GET /os/start_all/?c=pwd&s=cmds&categorys=10.95.154.180,10.95.154.147,10.95.154.146 HTTP/1.1" 200 78
[08/Mar/2018 18:53:36] "GET /os/nmon_2_start/ HTTP/1.1" 200 43697
[08/Mar/2018 18:53:43] "GET /os/start_all/?c=10&s=1&categorys=10.95.154.185 HTTP/1.1" 200 125
[08/Mar/2018 18:53:51] "GET /os/run_cmd_many/ HTTP/1.1" 200 42714
[08/Mar/2018 18:54:00] "GET /os/start_all/?c=cat%20/etc/pwd&s=cmds&categorys=10.95.154.185,10.95.154.184 HTTP/1.1" 200 122
[08/Mar/2018 18:54:11] "GET /os/start_all/?c=cat%20/etc/passwd&s=cmds&categorys=10.95.154.185,10.95.154.184 HTTP/1.1" 200 2331
[09/Mar/2018 15:02:04] "GET /os/run_cmd_many/ HTTP/1.1" 200 42714
[09/Mar/2018 15:02:05] "GET /static/assets/plugins/bootstrap-tagsinput/css/bootstrap-tagsinput.css HTTP/1.1" 304 0
[09/Mar/2018 15:02:05] "GET /static/assets/plugins/multiselect/css/multi-select.css HTTP/1.1" 304 0
[09/Mar/2018 15:02:05] "GET /static/assets/plugins/select2/css/select2.min.css HTTP/1.1" 304 0
[09/Mar/2018 15:02:05] "GET /static/assets/plugins/morris/morris.css HTTP/1.1" 304 0
[09/Mar/2018 15:02:05] "GET /static/assets/plugins/switchery/switchery.min.css HTTP/1.1" 304 0
[09/Mar/2018 15:02:05] "GET /static/assets/css/bootstrap.min.css HTTP/1.1" 304 0
[09/Mar/2018 15:02:05] "GET /static/assets/css/style.css HTTP/1.1" 304 0
[09/Mar/2018 15:02:05] "GET /static/assets/js/modernizr.min.js HTTP/1.1" 304 0
[09/Mar/2018 15:02:06] "GET /static/assets/images/users/avatar-2.jpg HTTP/1.1" 304 0
[09/Mar/2018 15:02:06] "GET /static/assets/js/jquery.min.js HTTP/1.1" 304 0
[09/Mar/2018 15:02:06] "GET /static/assets/js/popper.min.js HTTP/1.1" 304 0
[09/Mar/2018 15:02:06] "GET /static/assets/js/bootstrap.min.js HTTP/1.1" 304 0
[09/Mar/2018 15:02:06] "GET /static/assets/js/detect.js HTTP/1.1" 304 0
[09/Mar/2018 15:02:06] "GET /static/assets/js/fastclick.js HTTP/1.1" 304 0
[09/Mar/2018 15:02:06] "GET /static/assets/js/jquery.blockUI.js HTTP/1.1" 304 0
[09/Mar/2018 15:02:06] "GET /static/assets/js/waves.js HTTP/1.1" 304 0
[09/Mar/2018 15:02:06] "GET /static/assets/js/jquery.nicescroll.js HTTP/1.1" 304 0
[09/Mar/2018 15:02:06] "GET /static/assets/js/jquery.scrollTo.min.js HTTP/1.1" 304 0
[09/Mar/2018 15:02:06] "GET /static/assets/js/jquery.slimscroll.js HTTP/1.1" 304 0
[09/Mar/2018 15:02:06] "GET /static/assets/plugins/switchery/switchery.min.js HTTP/1.1" 304 0
[09/Mar/2018 15:02:06] "GET /static/assets/plugins/morris/morris.min.js HTTP/1.1" 304 0
[09/Mar/2018 15:02:06] "GET /static/assets/plugins/raphael/raphael-min.js HTTP/1.1" 304 0
[09/Mar/2018 15:02:06] "GET /static/assets/plugins/waypoints/lib/jquery.waypoints.min.js HTTP/1.1" 304 0
[09/Mar/2018 15:02:07] "GET /static/assets/plugins/counterup/jquery.counterup.min.js HTTP/1.1" 304 0
[09/Mar/2018 15:02:07] "GET /static/assets/js/jquery.core.js HTTP/1.1" 304 0
[09/Mar/2018 15:02:07] "GET /static/assets/js/jquery.app.js HTTP/1.1" 304 0
[09/Mar/2018 15:02:07] "GET /static/assets/pages/jquery.dashboard.js HTTP/1.1" 304 0
[09/Mar/2018 15:02:07] "GET /static/assets/plugins/bootstrap-tagsinput/js/bootstrap-tagsinput.js HTTP/1.1" 304 0
[09/Mar/2018 15:02:07] "GET /static/assets/plugins/multiselect/js/jquery.multi-select.js HTTP/1.1" 304 0
[09/Mar/2018 15:02:07] "GET /static/assets/plugins/jquery-quicksearch/jquery.quicksearch.js HTTP/1.1" 304 0
[09/Mar/2018 15:02:07] "GET /static/assets/plugins/select2/js/select2.full.min.js HTTP/1.1" 304 0
[09/Mar/2018 15:02:07] "GET /static/assets/plugins/bootstrap-maxlength/bootstrap-maxlength.min.js HTTP/1.1" 304 0
[09/Mar/2018 15:02:07] "GET /static/assets/plugins/autocomplete/jquery.autocomplete.min.js HTTP/1.1" 304 0
[09/Mar/2018 15:02:07] "GET /static/assets/plugins/autocomplete/countries.js HTTP/1.1" 304 0
[09/Mar/2018 15:02:07] "GET /static/assets/pages/jquery.autocomplete.init.js HTTP/1.1" 304 0
[09/Mar/2018 15:02:07] "GET /static/assets/pages/jquery.formadvanced.init.js HTTP/1.1" 304 0
[09/Mar/2018 15:02:07] "GET /static/assets/images/users/avatar-3.jpg HTTP/1.1" 304 0
[09/Mar/2018 15:02:07] "GET /static/assets/images/users/avatar-4.jpg HTTP/1.1" 304 0
[09/Mar/2018 15:02:07] "GET /static/assets/images/users/avatar-1.jpg HTTP/1.1" 304 0
[09/Mar/2018 15:02:07] "GET /static/assets/fonts/Material-Design-Iconic-Font.woff2?v=2.2.0 HTTP/1.1" 304 0
[09/Mar/2018 15:02:07] "GET /static/assets/fonts/fontawesome-webfont.woff2?v=4.7.0 HTTP/1.1" 304 0
[09/Mar/2018 15:02:08] "GET /static/assets/plugins/multiselect/img/multiple-arrow.png HTTP/1.1" 304 0
[09/Mar/2018 15:02:08] "GET /static/assets/images/favicon.ico HTTP/1.1" 200 32038
[09/Mar/2018 15:02:25] "GET /static/assets/images/loading.gif HTTP/1.1" 304 0
[09/Mar/2018 15:02:46] "GET /os/start_all/?c=docker%20ps%20&s=cmds&categorys=10.95.154.185,10.95.154.184,10.95.154.183,10.95.154.182,10.95.154.181,10.95.154.180,10.95.154.147,10.95.154.146,10.95.154.145,10.95.154.144,10.95.154.143,10.95.154.142,10.95.154.141 HTTP/1.1" 200 4315
[09/Mar/2018 15:04:28] "GET /os/start_all/?c=docker%20ps%20-a|grep%20/|awk%20%27{print%20$NF}%27&s=cmds&categorys=10.95.154.185,10.95.154.184,10.95.154.183,10.95.154.182,10.95.154.181,10.95.154.180,10.95.154.147,10.95.154.146,10.95.154.145,10.95.154.144,10.95.154.143,10.95.154.142,10.95.154.141 HTTP/1.1" 200 388
[09/Mar/2018 15:13:18] "POST /os/add_server/ HTTP/1.1" 200 38
[09/Mar/2018 15:13:28] "GET /admin HTTP/1.1" 301 0
[09/Mar/2018 15:13:28] "GET /admin/ HTTP/1.1" 200 6732
[09/Mar/2018 15:13:28] "GET /static/admin/css/dashboard.css HTTP/1.1" 200 434
[09/Mar/2018 15:13:28] "GET /static/admin/css/base.css HTTP/1.1" 200 14049
[09/Mar/2018 15:13:29] "GET /static/admin/img/default-bg.gif HTTP/1.1" 200 836
[09/Mar/2018 15:13:29] "GET /static/admin/img/icon_addlink.gif HTTP/1.1" 200 119
[09/Mar/2018 15:13:29] "GET /static/admin/img/nav-bg.gif HTTP/1.1" 200 265
[09/Mar/2018 15:13:29] "GET /static/admin/img/icon_changelink.gif HTTP/1.1" 200 119
[09/Mar/2018 15:13:29] "GET /static/admin/img/icon_deletelink.gif HTTP/1.1" 200 181
[09/Mar/2018 15:13:31] "GET /admin/Oserver/server/ HTTP/1.1" 200 7720
[09/Mar/2018 15:13:31] "GET /static/admin/js/core.js HTTP/1.1" 200 7522
[09/Mar/2018 15:13:31] "GET /static/admin/js/admin/RelatedObjectLookups.js HTTP/1.1" 200 4464
[09/Mar/2018 15:13:31] "GET /static/admin/css/changelists.css HTTP/1.1" 200 5254
[09/Mar/2018 15:13:31] "GET /static/admin/js/jquery.init.js HTTP/1.1" 200 326
[09/Mar/2018 15:13:31] "GET /static/admin/js/actions.js HTTP/1.1" 200 4910
[09/Mar/2018 15:13:31] "GET /admin/jsi18n/ HTTP/1.1" 200 6834
[09/Mar/2018 15:13:31] "GET /static/admin/js/jquery.js HTTP/1.1" 200 284184
[09/Mar/2018 15:13:31] "GET /static/admin/img/nav-bg-reverse.gif HTTP/1.1" 200 178
[09/Mar/2018 15:13:31] "GET /static/admin/img/tooltag-add.png HTTP/1.1" 200 119
[09/Mar/2018 15:13:36] "GET /admin/Oserver/server/23/ HTTP/1.1" 200 8632
[09/Mar/2018 15:13:36] "GET /static/admin/css/forms.css HTTP/1.1" 200 6283
[09/Mar/2018 15:13:36] "GET /static/admin/js/related-widget-wrapper.js HTTP/1.1" 200 857
[09/Mar/2018 15:13:36] "GET /admin/jsi18n/ HTTP/1.1" 200 6834
[09/Mar/2018 15:13:36] "GET /static/admin/css/widgets.css HTTP/1.1" 200 10590
[09/Mar/2018 15:13:39] "GET /static/admin/img/default-bg-reverse.gif HTTP/1.1" 200 835
[09/Mar/2018 15:13:39] "POST /admin/Oserver/server/23/ HTTP/1.1" 302 0
[09/Mar/2018 15:13:39] "GET /admin/Oserver/server/ HTTP/1.1" 200 7860
[09/Mar/2018 15:13:39] "GET /admin/jsi18n/ HTTP/1.1" 200 6834
[09/Mar/2018 15:13:39] "GET /static/admin/img/icon_success.gif HTTP/1.1" 200 341
[09/Mar/2018 15:20:20] "GET /admin/Oserver/server/ HTTP/1.1" 200 7720
[09/Mar/2018 15:20:20] "GET /admin/jsi18n/ HTTP/1.1" 200 6834
